dimmy_scarface deu admin nivel 1337 para dimmy_scarface [20/7/2012] ás [17:27:30].
dimmy_scarface deu admin nivel 3001 para dimmy_scarface [20/7/2012] ás [20:36:33].
dimmy_scarface deu admin nivel 3001 para dimmy_scarface [20/7/2012] ás [20:37:52].
dimmy_scarface deu admin nivel 0 para dimmy_scarface [20/7/2012] ás [20:38:1].
dimmy_scarface deu admin nivel 3001 para dimmy_scarface [20/7/2012] ás [20:43:50].
dimmy_scarface deu admin nivel 0 para dimmy_scarface [22/7/2012] ás [20:43:3].
dimmy_scarface deu admin nivel 3001 para dimmy_scarface [22/7/2012] ás [20:52:43].
dimmy_scarface deu admin nivel 3001 para dimmy_scarface [22/7/2012] ás [20:52:52].
dimmy_scarface deu admin nivel 1337 para dimmy_scarface [22/7/2012] ás [21:16:23].
dimmy_scarface deu admin nivel 3001 para dimmy_scarface [22/7/2012] ás [21:16:26].
dimmy_scarface deu admin nivel 1337 para dimmy_scarface [22/7/2012] ás [21:16:30].
dimmy_scarface retirou o admin de dimmy_scarface [22/7/2012] ás [21:16:33].
dimmy_scarface deu admin nivel 3001 para dimmy_scarface [22/7/2012] ás [21:29:34].
Ariel_Scarface retirou o admin de Ariel_Scarface [24/7/2012] ás [19:41:39].
Ariel_Scarface retirou o admin de Ariel_Scarface [24/7/2012] ás [19:47:49].
Ariel_Scarface deu admin nivel 3 para Ariel_Scarface [24/7/2012] ás [23:39:5].
Ariel_Scarface retirou o admin de Ariel_Scarface [25/7/2012] ás [17:45:35].
Ariel_Scarface retirou o admin de Ariel_Scarface [25/7/2012] ás [18:25:5].
dimmy_scarface deu admin nivel 1337 para dimmy_scarface [27/7/2012] ás [15:20:57].
dimmy_scarface deu admin nivel 3 para dimmy_scarface [27/7/2012] ás [17:36:25].
dimmy_scarface deu admin nivel 3001 para dimmy_scarface [27/7/2012] ás [17:36:39].
dimmy_scarface deu admin nivel 3001 para dimmy_scarface [7/8/2012] ás [20:15:1].
dimmy_scarface deu admin nivel 1337 para dimmy_scarface [9/8/2012] ás [11:48:20].
dimmy_scarface deu admin nivel 3001 para dimmy_scarface [10/8/2012] ás [11:25:0].
dimmy_scarface deu admin nivel 1337 para dimmy_scarface [10/8/2012] ás [12:6:47].
dimmy_scarface deu admin nivel 3001 para dimmy_scarface [10/8/2012] ás [21:32:56].
dimmy_scarface deu admin nivel 1337 para dimmy_scarface [11/8/2012] ás [9:11:33].
dimmy_scarface deu admin nivel 3001 para dimmy_scarface [11/8/2012] ás [17:39:26].
dimmy_scarface deu admin nivel 1337 para dimmy_scarface [11/8/2012] ás [20:52:37].
dimmy_scarface deu admin nivel 3001 para dimmy_scarface [11/8/2012] ás [21:9:59].
jadson_scarface deu admin nivel 3001 para jadson_scarface [14/9/2012] ás [22:15:58].
dimmy_scarface deu admin nivel 1342 para dimmy_scarface [21/8/2012] ás [16:51:59].
dimmy_scarface deu admin nivel 1342 para dimmy_scarface [21/8/2012] ás [16:52:5].
dimmy_scarface deu admin nivel 1341 para dimmy_scarface [21/8/2012] ás [16:52:11].
dimmy_scarface deu admin nivel 3001 para dimmy_scarface [25/8/2012] ás [19:0:11].
dimmy_scarface deu admin nivel 1 para dimmy_scarface [27/8/2012] ás [13:51:27].
dimmy_scarface deu admin nivel 3001 para dimmy_scarface [27/8/2012] ás [13:56:55].
jadson_scarface retirou o admin de jadson_scarface [27/8/2012] ás [22:58:24].
dimmy_scarface deu admin nivel 3001 para dimmy_scarface [29/8/2012] ás [13:32:32].
dimmy_scarface deu admin nivel 3001 para dimmy_scarface [5/9/2012] ás [12:18:3].
dimmy_scarface deu admin nivel 3001 para dimmy_scarface [5/9/2012] ás [12:18:4].
dimmy_scarface deu admin nivel 1337 para dimmy_scarface [5/9/2012] ás [16:36:52].
dimmy_scarface deu admin nivel 3001 para dimmy_scarface [6/9/2012] ás [8:22:2].
dimmy_scarface deu admin nivel 1 para dimmy_scarface [8/9/2012] ás [21:56:17].
dimmy_scarface deu admin nivel 3001 para dimmy_scarface [8/9/2012] ás [22:45:49].
dimmy_scarface deu admin nivel 1337 para dimmy_scarface [11/9/2012] ás [18:54:36].
dimmy_scarface deu admin nivel 3001 para dimmy_scarface [15/9/2012] ás [19:52:23].
jadson_scarface deu admin nivel 3001 para jadson_scarface [10/9/2012] ás [16:49:54].
dimmy_scarface retirou o admin de dimmy_scarface [17/9/2012] ás [18:53:31].
dimmy_scarface retirou o admin de dimmy_scarface [18/9/2012] ás [17:54:28].
dimmy_scarface deu admin nivel 3001 para dimmy_scarface [18/9/2012] ás [18:4:50].
dimmy_scarface deu admin nivel 3000 para dimmy_scarface [18/9/2012] ás [18:35:31].
dimmy_scarface deu admin nivel 3001 para dimmy_scarface [18/9/2012] ás [18:35:43].
dimmy_scarface deu admin nivel 3000 para dimmy_scarface [18/9/2012] ás [18:35:52].
dimmy_scarface deu admin nivel 3001 para dimmy_scarface [18/9/2012] ás [18:35:57].
dimmy_scarface deu admin nivel 1 para dimmy_scarface [18/9/2012] ás [20:5:44].
dimmy_scarface deu admin nivel 3001 para dimmy_scarface [24/9/2012] ás [20:13:58].
dimmy_scarface retirou o admin de dimmy_scarface [18/9/2012] ás [21:37:53].
dimmy_scarface deu admin nivel 3001 para dimmy_scarface [19/9/2012] ás [11:22:38].
dimmy_scarface deu admin nivel 1 para dimmy_scarface [19/9/2012] ás [12:11:57].
dimmy_scarface deu admin nivel 1337 para dimmy_scarface [19/9/2012] ás [12:18:53].
dimmy_scarface deu admin nivel 3001 para dimmy_scarface [19/9/2012] ás [12:30:41].
dimmy_scarface deu admin nivel 1337 para Sombra_Terrorista [22/9/2012] ás [16:45:4].
dimmy_scarface deu admin nivel 3001 para Sombra_Terrorista [22/9/2012] ás [16:46:21].
ForT_xD retirou o admin de ForT_xD [27/9/2012] ás [20:2:17].
ForT_xD retirou o admin de ForT_xD [27/9/2012] ás [20:18:31].
dimmy_scarface deu admin nivel 3001 para dimmy_scarface [3/10/2012] ás [9:7:36].
dimmy_scarface deu admin nivel 3001 para dimmy_scarface [3/10/2012] ás [9:7:39].
dimmy_scarface deu admin nivel 3001 para dimmy_scarface [5/10/2012] ás [17:44:24].
dimmy_scarface retirou o admin de dimmy_scarface [7/10/2012] ás [18:39:49].
dimmy_scarface retirou o admin de dimmy_scarface [7/10/2012] ás [18:51:54].
dimmy_scarface retirou o admin de dimmy_scarface [7/10/2012] ás [18:58:27].
dimmy_scarface deu admin nivel 3001 para dimmy_scarface [7/10/2012] ás [19:4:16].
jadson_scarface deu admin nivel 3001 para jadson_scarface [8/10/2012] ás [9:2:45].
