//=======================[ Agendar cadeia - NEW ] ===============================
O Admin dimmy_scarface agendou o nick dimmy_scarface2 para 140 minutos de cadeia, Motivo: DMzãão
O Admin dimmy_scarface agendou o nick dimmy_scarface2 para 140 minutos de cadeia, Motivo: DMzãão
O Admin dimmy_scarface agendou o nick dimmy_scarface2 para 140 minutos de cadeia, Motivo: DMzãão
O Admin dimmy_scarface agendou o nick dimmy_scarface2 para 140 minutos de cadeia, Motivo: Teste
O Admin dimmy_scarface agendou o nick dimmy_scarface2 para 10 minutos de cadeia, Motivo: Teste
O Admin dimmy_scarface agendou o nick dimmy_scarface2 para 99999 minutos de cadeia, Motivo: Teste
O Admin dimmy_scarface agendou o nick dimmy_scarface2 para 500 minutos de cadeia, Motivo: Teste
O Admin dimmy_scarface2 agendou o nick dimmy para 141 minutos de cadeia, Motivo: teste
O Admin dimmy_scarface2 agendou o nick dimmy_scarface para 141 minutos de cadeia, Motivo: teste
O Admin dimmy_scarface2 agendou o nick dimmy_scarface para 141 minutos de cadeia, Motivo: teste-1 teste @@
O Admin dimmy_scarface agendou o nick dimmy_scarface2 para 180 minutos de cadeia, Motivo: ....
O Admin dimmy_scarface2 agendou o nick dimmy_scarface para 180 minutos de cadeia, Motivo: Teste teste
O Admin dimmy_scarface agendou o nick dimmy_scarface2 para 999999999 minutos de cadeia, Motivo: ~~~~~
O Admin dimmy_scarface agendou o nick dimmy_scarface2 para 9999999 minutos de cadeia, Motivo: ~~~~~
O Admin dimmy_scarface agendou o nick dimmy_scarface2 para 99999 minutos de cadeia, Motivo: ~~~~~
O Admin dimmy_scarface agendou o nick dimmy_scarface2 para 999 minutos de cadeia, Motivo: ~~~~~
O Admin dimmy_scarface agendou o nick dimmy_scarface2 para 240 minutos de cadeia, Motivo: ~~~~~
O Admin dimmy_scarface agendou o nick dimmy_scarface para 10 minutos de cadeia, Motivo: ..
O Admin dimmy_scarface agendou o nick jadson_scarface para 10 minutos de cadeia, Motivo: ..
O Admin dimmy_scarface agendou o nick http:/ddkhadgashyd para 180 minutos de cadeia, Motivo: 1
O Admin dimmy_scarface agendou o nick jadson_scarface para 300 minutos de cadeia, Motivo: nb
O Admin dimmy_scarface agendou o nick jadson_scarfac para 0 minutos de cadeia, Motivo: 47
O Admin dimmy_scarface agendou o nick jadson_scarface para 180 minutos de cadeia, Motivo: GAY
O Admin dimmy_scarface agendou o nick Lucas_neves para 180 minutos de cadeia, Motivo: GAY
O Admin dimmy_scarface agendou o nick Ariel_Scarface para 180 minutos de cadeia, Motivo: GAY
O Admin dimmy_scarface agendou o nick Bailaruna_Sexy para 180 minutos de cadeia, Motivo: oi
O Admin dimmy_scarface agendou o nick Bailarina_Sexy para 180 minutos de cadeia, Motivo: oi
O Admin dimmy_scarface agendou o nick Wanderson_Damiao para 180 minutos de cadeia, Motivo: oi
O Admin dimmy_scarface agendou o nick Wanderson_Damiao para 180 minutos de cadeia, Motivo: oi GAY
O Admin dimmy_scarface agendou o nick lukas_skt para 180 minutos de cadeia, Motivo: oi GAY
O Admin dimmy_scarface agendou o nick 0 para 0 minutos de cadeia, Motivo: f
O Admin dimmy_scarface agendou o nick jadson_scarface para 180 minutos de cadeia, Motivo: GAY2
O Admin dimmy_scarface agendou o nick 1 para 1 minutos de cadeia, Motivo: 1 1
O Admin dimmy_scarface agendou o nick jadson_scarc para 4 minutos de cadeia, Motivo: 44
O Admin dimmy_scarface agendou o nick jadson_scarface para 4 minutos de cadeia, Motivo: 44
O Admin dimmy_scarface agendou o nick jadson_scarface para 4 minutos de cadeia, Motivo: 44
O Admin dimmy_scarface agendou o nick jadson_scarface para 1 minutos de cadeia, Motivo: haha
O Admin dimmy_scarface agendou o nick jadson_scarface para 240 minutos de cadeia, Motivo: sahsuhaushauhsauhaus
O Admin dimmy_scarface agendou o nick jadson_scarface para 240 minutos de cadeia, Motivo: gay gay gay gy gay gay gay
O Admin dimmy_scarface agendou o nick dimmy_scarface para 180 minutos de cadeia, Motivo: nb
O Admin dimmy_scarface agendou o nick dimmy_scarface para 180 minutos de cadeia, Motivo: nb
O Admin dimmy_scarface agendou o nick dimmy_scarface para 180 minutos de cadeia, Motivo: nb
O Admin dimmy_scarface agendou o nick jadson_scarface para 180 minutos de cadeia, Motivo: nb
O Admin dimmy_scarface agendou o nick jadson_scarface para 180 minutos de cadeia, Motivo: nb
O Admin jadson_scarface agendou o nick dimmy_scarface para 181 minutos de cadeia, Motivo: oi
O Admin dimmy_scarface agendou o nick jadson_scarface para 180 minutos de cadeia, Motivo: nb
O Admin jadson_scarface agendou o nick dimmy_scarface para 10 minutos de cadeia, Motivo: teste
O Admin dimmy_scarface agendou o nick jadson_scarface para 15 minutos de cadeia, Motivo: o
