//=======================[ House ] ===============================
AdmCmd: Admin dimmy_scarface vendeu a casa ID: 140
AdmCmd: Admin dimmy_scarface vendeu a casa ID: 141
dimmy_scarface comprou a casa ID: 191
dimmy_scarface vendeu sua propriedade ID: 191
jadson_scarface comprou a casa ID: 144
dimmy_scarface comprou a casa ID: 140
dimmy_scarface comprou a casa ID: 120
dimmy_scarface vendeu sua propriedade ID: 120
dimmy_scarface vendeu sua propriedade ID: 140
dimmy_scarface comprou a casa ID: 120
dimmy_scarface comprou a casa ID: 109
dimmy_scarface vendeu sua propriedade ID: 120
dimmy_scarface vendeu sua propriedade ID: 109
dimmy_scarface comprou a casa ID: 109
dimmy_scarface vendeu sua propriedade ID: 109
dimmy_scarface comprou a casa ID: 110
dimmy_scarface vendeu sua propriedade ID: 110
dimmy_scarface comprou a casa ID: 109
dimmy_scarface vendeu sua propriedade ID: 109
dimmy_scarface comprou a casa ID: 110
dimmy_scarface vendeu sua propriedade ID: 110
dimmy_scarface comprou a casa ID: 109
dimmy_scarface comprou a casa ID: 110
dimmy_scarface vendeu sua propriedade ID: 109
dimmy_scarface vendeu sua propriedade ID: 110
dimmy_scarface comprou a casa ID: 110
dimmy_scarface vendeu sua propriedade ID: 110
dimmy_scarface comprou a casa ID: 110
dimmy_scarface vendeu sua propriedade ID: 110
dimmy_scarface comprou a casa ID: 110
dimmy_scarface vendeu sua propriedade ID: 110
dimmy_scarface comprou a casa ID: 140
dimmy_scarface comprou a casa ID: 120
dimmy_scarface comprou a casa ID: 121
dimmy_scarface comprou a casa ID: 122
dimmy_scarface comprou a casa ID: 123
dimmy_scarface vendeu sua propriedade ID: 123
dimmy_scarface vendeu sua propriedade ID: 120
dimmy_scarface vendeu sua propriedade ID: 121
dimmy_scarface vendeu sua propriedade ID: 122
dimmy_scarface vendeu sua propriedade ID: 140
dimmy_scarface comprou a casa ID: 140
dimmy_scarface comprou a casa ID: 120
dimmy_scarface comprou a casa ID: 121
dimmy_scarface comprou a casa ID: 111
dimmy_scarface vendeu sua propriedade ID: 111
dimmy_scarface vendeu sua propriedade ID: 120
dimmy_scarface vendeu sua propriedade ID: 121
dimmy_scarface vendeu sua propriedade ID: 140
dimmy_scarface comprou a casa ID: 140
dimmy_scarface comprou a casa ID: 120
dimmy_scarface comprou a casa ID: 121
dimmy_scarface vendeu sua propriedade ID: 121
dimmy_scarface comprou a casa ID: 122
dimmy_scarface vendeu sua propriedade ID: 122
dimmy_scarface vendeu sua propriedade ID: 120
AdmCmd: Admin dimmy_scarface vendeu a casa ID: 140
dimmy_scarface comprou a casa ID: 140
dimmy_scarface vendeu sua propriedade ID: 140
dimmy_scarface comprou a casa ID: 121
dimmy_scarface vendeu sua propriedade ID: 121
dimmy_scarface comprou a casa ID: 121
dimmy_scarface vendeu sua propriedade ID: 121
dimmy_scarface comprou a casa ID: 140
dimmy_scarface comprou a casa ID: 120
dimmy_scarface comprou a casa ID: 121
dimmy_scarface vendeu sua propriedade ID: 121
AdmCmd: Admin dimmy_scarface vendeu a casa ID: 141
AdmCmd: Admin dimmy_scarface vendeu a casa ID: 142
AdmCmd: Admin dimmy_scarface vendeu a casa ID: 143
AdmCmd: Admin dimmy_scarface vendeu a casa ID: 140
AdmCmd: Admin dimmy_scarface vendeu a casa ID: 145
AdmCmd: Admin dimmy_scarface vendeu a casa ID: 146
AdmCmd: Admin dimmy_scarface vendeu a casa ID: 147
dimmy_scarface vendeu sua propriedade ID: 120
dimmy_scarface comprou a casa ID: 140
dimmy_scarface comprou a casa ID: 120
dimmy_scarface comprou a casa ID: 121
dimmy_scarface vendeu sua propriedade ID: 121
dimmy_scarface vendeu sua propriedade ID: 120
dimmy_scarface vendeu sua propriedade ID: 140
dimmy_scarface comprou a casa ID: 140
dimmy_scarface comprou a casa ID: 120
dimmy_scarface comprou a casa ID: 121
dimmy_scarface vendeu sua propriedade ID: 121
dimmy_scarface comprou a casa ID: 122
dimmy_scarface vendeu sua propriedade ID: 122
dimmy_scarface vendeu sua propriedade ID: 120
dimmy_scarface vendeu sua propriedade ID: 140
dimmy_scarface comprou a casa ID: 140
dimmy_scarface vendeu sua propriedade ID: 140
dimmy_scarface comprou a casa ID: 140
dimmy_scarface comprou a casa ID: 120
dimmy_scarface vendeu sua propriedade ID: 140
dimmy_scarface vendeu sua propriedade ID: 120
dimmy_scarface comprou a casa ID: 140
dimmy_scarface comprou a casa ID: 120
dimmy_scarface vendeu sua propriedade ID: 140
dimmy_scarface vendeu sua propriedade ID: 120
dimmy_scarface comprou a casa ID: 140
dimmy_scarface vendeu sua propriedade ID: 140
dimmy_scarface comprou a casa ID: 140
dimmy_scarface comprou a casa ID: 120
dimmy_scarface vendeu sua propriedade ID: 140
dimmy_scarface vendeu sua propriedade ID: 120
dimmy_scarface comprou a casa ID: 120
dimmy_scarface comprou a casa ID: 121
dimmy_scarface vendeu sua propriedade ID: 121
dimmy_scarface vendeu sua propriedade ID: 120
dimmy_scarface comprou a casa ID: 140
dimmy_scarface comprou a casa ID: 120
dimmy_scarface vendeu sua propriedade ID: 120
dimmy_scarface vendeu sua propriedade ID: 140
dimmy_scarface comprou a casa ID: 120
dimmy_scarface vendeu sua propriedade ID: 120
dimmy_scarface comprou a casa ID: 140
dimmy_scarface vendeu sua propriedade ID: 140
dimmy_scarface comprou a casa ID: 140
dimmy_scarface vendeu sua propriedade ID: 140
dimmy_scarface comprou a casa ID: 120
dimmy_scarface comprou a casa ID: 121
dimmy_scarface vendeu sua propriedade ID: 120
dimmy_scarface vendeu sua propriedade ID: 121
dimmy_scarface comprou a casa ID: 121
dimmy_scarface comprou a casa ID: 120
dimmy_scarface vendeu sua propriedade ID: 121
dimmy_scarface vendeu sua propriedade ID: 120
dimmy_scarface comprou a casa ID: 123
Info: Casa ID: 144 foi liberada por inatividade do Dono.
dimmy_scarface vendeu sua propriedade ID: 123
dimmy_scarface comprou a casa ID: 141
dimmy_scarface vendeu sua propriedade ID: 141
dimmy_scarface comprou a casa ID: 37
dimmy_scarface vendeu sua propriedade ID: 37
dimmy_scarface comprou a casa ID: 7
dimmy_scarface vendeu sua propriedade ID: 7
dimmy_scarface comprou a casa ID: 119
