AdmCmd: GMX dado por dimmy_scarface [8/7/2012]
AdmCmd: GMX dado por dimmy_scarface [8/7/2012]
AdmCmd: GMX dado por dimmy_scarface [9/7/2012]
AdmCmd: GMX dado por dimmy_scarface [9/7/2012]
AdmCmd: GMX dado por dimmy_scarface [9/7/2012]
AdmCmd: GMX dado por dimmy_scarface [9/7/2012]
AdmCmd: GMX dado por dimmy_scarface [9/7/2012]
AdmCmd: GMX dado por dimmy_scarface [9/7/2012]
AdmCmd: GMX dado por dimmy_scarface [9/7/2012]
AdmCmd: GMX dado por dimmy_scarface [9/7/2012]
AdmCmd: GMX dado por dimmy_scarface [9/7/2012]
AdmCmd: GMX dado por dimmy_scarface [9/7/2012]
AdmCmd: GMX dado por dimmy_scarface [9/7/2012]
AdmCmd: GMX dado por dimmy_scarface [10/7/2012]
AdmCmd: GMX dado por dimmy_scarface [10/7/2012]
AdmCmd: GMX dado por dimmy_scarface [10/7/2012]
AdmCmd: GMX dado por dimmy_scarface [10/7/2012]
AdmCmd: GMX dado por dimmy_scarface [10/7/2012]
AdmCmd: GMX dado por dimmy_scarface [10/7/2012]
AdmCmd: GMX dado por dimmy_scarface [10/7/2012]
AdmCmd: GMX dado por dimmy_scarface [10/7/2012]
AdmCmd: GMX dado por dimmy_scarface [10/7/2012]
AdmCmd: GMX dado por dimmy_scarface [10/7/2012]
AdmCmd: GMX dado por dimmy_scarface [10/7/2012]
AdmCmd: GMX dado por dimmy_scarface [10/7/2012]
AdmCmd: GMX dado por dimmy_scarface [10/7/2012]
AdmCmd: GMX dado por dimmy_scarface [10/7/2012]
AdmCmd: GMX dado por dimmy_scarface [10/7/2012]
AdmCmd: GMX dado por dimmy_scarface [10/7/2012]
AdmCmd: GMX dado por dimmy_scarface [10/7/2012]
AdmCmd: GMX dado por dimmy_scarface [10/7/2012]
AdmCmd: GMX dado por dimmy_scarface [10/7/2012]
AdmCmd: GMX dado por dimmy_scarface [10/7/2012]
AdmCmd: GMX dado por dimmy_scarface [10/7/2012]
AdmCmd: GMX dado por dimmy_scarface [11/7/2012]
AdmCmd: GMX dado por dimmy_scarface2 [11/7/2012]
AdmCmd: GMX dado por dimmy_scarface [11/7/2012]
AdmCmd: GMX dado por dimmy_scarface [11/7/2012]
AdmCmd: GMX dado por dimmy_scarface [11/7/2012]
AdmCmd: GMX dado por dimmy_scarface [11/7/2012]
AdmCmd: GMX dado por dimmy_scarface [11/7/2012]
AdmCmd: GMX dado por dimmy_scarface [11/7/2012]
AdmCmd: GMX dado por dimmy_scarface [11/7/2012]
AdmCmd: GMX dado por dimmy_scarface [11/7/2012]
AdmCmd: GMX dado por dimmy_scarface [11/7/2012]
AdmCmd: GMX dado por dimmy_scarface [11/7/2012]
AdmCmd: GMX dado por dimmy_scarface [12/7/2012]
AdmCmd: GMX dado por dimmy_scarface [12/7/2012]
AdmCmd: GMX dado por dimmy_scarface [12/7/2012]
AdmCmd: GMX dado por dimmy_scarface [12/7/2012]
AdmCmd: GMX dado por dimmy_scarface [12/7/2012]
AdmCmd: GMX dado por dimmy_scarface [12/7/2012]
AdmCmd: GMX dado por dimmy_scarface [12/7/2012]
AdmCmd: GMX dado por dimmy_scarface [12/7/2012]
AdmCmd: GMX dado por dimmy_scarface [12/7/2012]
AdmCmd: GMX dado por dimmy_scarface [12/7/2012]
AdmCmd: GMX dado por dimmy_scarface [12/7/2012]
AdmCmd: GMX dado por dimmy_scarface [12/7/2012]
AdmCmd: GMX dado por dimmy_scarface [12/7/2012]
AdmCmd: GMX dado por dimmy_scarface [12/7/2012]
AdmCmd: GMX dado por dimmy_scarface [12/7/2012]
AdmCmd: GMX dado por dimmy_scarface [12/7/2012]
AdmCmd: GMX dado por dimmy_scarface [12/7/2012]
AdmCmd: GMX dado por dimmy_scarface [12/7/2012]
AdmCmd: GMX dado por dimmy_scarface [13/7/2012]
AdmCmd: GMX dado por jadson_scarface [13/7/2012]
AdmCmd: GMX dado por dimmy_scarface [13/7/2012]
AdmCmd: GMX dado por dimmy_scarface [13/7/2012]
AdmCmd: GMX dado por dimmy_scarface [13/7/2012]
AdmCmd: GMX dado por dimmy_scarface [13/7/2012]
AdmCmd: GMX dado por dimmy_scarface [13/7/2012]
AdmCmd: GMX dado por dimmy_scarface [13/7/2012]
AdmCmd: GMX dado por dimmy_scarface [13/7/2012]
AdmCmd: GMX dado por dimmy_scarface [13/7/2012]
AdmCmd: GMX dado por dimmy_scarface [13/7/2012]
AdmCmd: GMX dado por dimmy_scarface [13/7/2012]
AdmCmd: GMX dado por dimmy_scarface [13/7/2012]
AdmCmd: GMX dado por dimmy_scarface [13/7/2012]
AdmCmd: GMX dado por dimmy_scarface [13/7/2012]
AdmCmd: GMX dado por dimmy_scarface [13/7/2012]
AdmCmd: GMX dado por dimmy_scarface [13/7/2012]
AdmCmd: GMX dado por dimmy_scarface [13/7/2012]
AdmCmd: GMX dado por dimmy_scarface [13/7/2012]
AdmCmd: GMX dado por dimmy_scarface [13/7/2012]
AdmCmd: GMX dado por dimmy_scarface [13/7/2012]
AdmCmd: GMX dado por dimmy_scarface [13/7/2012]
AdmCmd: GMX dado por dimmy_scarface [13/7/2012]
AdmCmd: GMX dado por dimmy_scarface [13/7/2012]
AdmCmd: GMX dado por dimmy_scarface [13/7/2012]
AdmCmd: GMX dado por dimmy_scarface [13/7/2012]
AdmCmd: GMX dado por dimmy_scarface [13/7/2012]
AdmCmd: GMX dado por dimmy_scarface [13/7/2012]
AdmCmd: GMX dado por dimmy_scarface [13/7/2012]
AdmCmd: GMX dado por dimmy_scarface [13/7/2012]
AdmCmd: GMX dado por dimmy_scarface [13/7/2012]
AdmCmd: GMX dado por dimmy_scarface [13/7/2012]
AdmCmd: GMX dado por dimmy_scarface [13/7/2012]
AdmCmd: GMX dado por dimmy_scarface [13/7/2012]
AdmCmd: GMX dado por dimmy_scarface [13/7/2012]
AdmCmd: GMX dado por dimmy_scarface [13/7/2012]
AdmCmd: GMX dado por dimmy_scarface [13/7/2012]
AdmCmd: GMX dado por dimmy_scarface [14/7/2012]
AdmCmd: GMX dado por dimmy_scarface [14/7/2012]
AdmCmd: GMX dado por dimmy_scarface [14/7/2012]
AdmCmd: GMX dado por dimmy_scarface [14/7/2012]
AdmCmd: GMX dado por dimmy_scarface [14/7/2012]
AdmCmd: GMX dado por dimmy_scarface [14/7/2012]
AdmCmd: GMX dado por dimmy_scarface [14/7/2012]
AdmCmd: GMX dado por dimmy_scarface [14/7/2012]
AdmCmd: GMX dado por dimmy_scarface [14/7/2012]
AdmCmd: GMX dado por dimmy_scarface [14/7/2012]
AdmCmd: GMX dado por dimmy_scarface [14/7/2012]
AdmCmd: GMX dado por dimmy_scarface [14/7/2012]
AdmCmd: GMX dado por dimmy_scarface [14/7/2012]
AdmCmd: GMX dado por dimmy_scarface [14/7/2012]
AdmCmd: GMX dado por dimmy_scarface [14/7/2012]
AdmCmd: GMX dado por dimmy_scarface [14/7/2012]
AdmCmd: GMX dado por dimmy_scarface [14/7/2012]
AdmCmd: GMX dado por dimmy_scarface [14/7/2012]
AdmCmd: GMX dado por dimmy_scarface [14/7/2012]
AdmCmd: GMX dado por dimmy_scarface [15/7/2012]
AdmCmd: GMX dado por dimmy_scarface [15/7/2012]
AdmCmd: GMX dado por dimmy_scarface [15/7/2012]
AdmCmd: GMX dado por dimmy_scarface [15/7/2012]
AdmCmd: GMX dado por dimmy_scarface [15/7/2012]
AdmCmd: GMX dado por dimmy_scarface [15/7/2012]
AdmCmd: GMX dado por dimmy_scarface [15/7/2012]
AdmCmd: GMX dado por dimmy_scarface [15/7/2012]
AdmCmd: GMX dado por dimmy_scarface [15/7/2012]
AdmCmd: GMX dado por dimmy_scarface [15/7/2012]
AdmCmd: GMX dado por dimmy_scarface [15/7/2012]
AdmCmd: GMX dado por dimmy_scarface [15/7/2012]
AdmCmd: GMX dado por dimmy_scarface [15/7/2012]
AdmCmd: GMX dado por dimmy_scarface [15/7/2012]
AdmCmd: GMX dado por dimmy_scarface [15/7/2012]
AdmCmd: GMX dado por dimmy_scarface [15/7/2012]
AdmCmd: GMX dado por dimmy_scarface [15/7/2012]
AdmCmd: GMX dado por dimmy_scarface [15/7/2012]
AdmCmd: GMX dado por dimmy_scarface [15/7/2012]
AdmCmd: GMX dado por dimmy_scarface [15/7/2012]
AdmCmd: GMX dado por dimmy_scarface [15/7/2012]
AdmCmd: GMX dado por dimmy_scarface [15/7/2012]
AdmCmd: GMX dado por dimmy_scarface [15/7/2012]
AdmCmd: GMX dado por dimmy_scarface [16/7/2012]
AdmCmd: GMX dado por dimmy_scarface [16/7/2012]
AdmCmd: GMX dado por dimmy_scarface [16/7/2012]
AdmCmd: GMX dado por dimmy_scarface [16/7/2012]
AdmCmd: GMX dado por dimmy_scarface [16/7/2012]
AdmCmd: GMX dado por dimmy_scarface [16/7/2012]
AdmCmd: GMX dado por dimmy_scarface [16/7/2012]
AdmCmd: GMX dado por dimmy_scarface [16/7/2012]
AdmCmd: GMX dado por dimmy_scarface [16/7/2012]
AdmCmd: GMX dado por dimmy_scarface [17/7/2012]
AdmCmd: GMX dado por dimmy_scarface [17/7/2012]
AdmCmd: GMX dado por dimmy_scarface [17/7/2012]
AdmCmd: GMX dado por dimmy_scarface [17/7/2012]
AdmCmd: GMX dado por dimmy_scarface [20/7/2012]
AdmCmd: GMX dado por dimmy_scarface [20/7/2012]
AdmCmd: GMX dado por dimmy_scarface [20/7/2012]
AdmCmd: GMX dado por dimmy_scarface [20/7/2012]
AdmCmd: GMX dado por dimmy_scarface [20/7/2012]
AdmCmd: GMX dado por dimmy_scarface [20/7/2012]
AdmCmd: GMX dado por dimmy_scarface [20/7/2012]
AdmCmd: GMX dado por dimmy_scarface [20/7/2012]
AdmCmd: GMX dado por dimmy_scarface [20/7/2012]
AdmCmd: GMX dado por dimmy_scarface [20/7/2012]
AdmCmd: GMX dado por dimmy_scarface [20/7/2012]
AdmCmd: GMX dado por dimmy_scarface [20/7/2012]
AdmCmd: GMX dado por dimmy_scarface [20/7/2012]
AdmCmd: GMX dado por dimmy_scarface [20/7/2012]
AdmCmd: GMX dado por dimmy_scarface [20/7/2012]
AdmCmd: GMX dado por dimmy_scarface [20/7/2012]
AdmCmd: GMX dado por dimmy_scarface [20/7/2012]
AdmCmd: GMX dado por dimmy_scarface [20/7/2012]
AdmCmd: GMX dado por dimmy_scarface [20/7/2012]
AdmCmd: GMX dado por dimmy_scarface [20/7/2012]
AdmCmd: GMX dado por dimmy_scarface [20/7/2012]
AdmCmd: GMX dado por dimmy_scarface [20/7/2012]
AdmCmd: GMX dado por dimmy_scarface [20/7/2012]
AdmCmd: GMX dado por dimmy_scarface [20/7/2012]
AdmCmd: GMX dado por dimmy_scarface [20/7/2012]
AdmCmd: GMX dado por dimmy_scarface [20/7/2012]
AdmCmd: GMX dado por dimmy_scarface [20/7/2012]
AdmCmd: GMX dado por dimmy_scarface [20/7/2012]
AdmCmd: GMX dado por dimmy_scarface [20/7/2012]
AdmCmd: GMX dado por diimmy_scarface [20/7/2012]
AdmCmd: GMX dado por dimmy_scarface [20/7/2012]
AdmCmd: GMX dado por dimmy_scarface [21/7/2012]
AdmCmd: GMX dado por dimmy_scarface [21/7/2012]
AdmCmd: GMX dado por dimmy_scarface [21/7/2012]
AdmCmd: GMX dado por dimmy_scarface [21/7/2012]
AdmCmd: GMX dado por dimmy_scarface [21/7/2012]
AdmCmd: GMX dado por dimmy_scarface [21/7/2012]
AdmCmd: GMX dado por dimmy_scarface [21/7/2012]
AdmCmd: GMX dado por dimmy_scarface [21/7/2012]
AdmCmd: GMX dado por dimmy_scarface [21/7/2012]
AdmCmd: GMX dado por dimmy_scarface [21/7/2012]
AdmCmd: GMX dado por dimmy_scarface [21/7/2012]
AdmCmd: GMX dado por dimmy_scarface [21/7/2012]
AdmCmd: GMX dado por dimmy_scarface [21/7/2012]
AdmCmd: GMX dado por dimmy_scarface [21/7/2012]
AdmCmd: GMX dado por dimmy_scarface [21/7/2012]
AdmCmd: GMX dado por dimmy_scarface [21/7/2012]
AdmCmd: GMX dado por dimmy_scarface [21/7/2012]
AdmCmd: GMX dado por dimmy_scarface [21/7/2012]
AdmCmd: GMX dado por dimmy_scarface [21/7/2012]
AdmCmd: GMX dado por dimmy_scarface [21/7/2012]
AdmCmd: GMX dado por dimmy_scarface [21/7/2012]
AdmCmd: GMX dado por dimmy_scarface [21/7/2012]
AdmCmd: GMX dado por dimmy_scarface [21/7/2012]
AdmCmd: GMX dado por dimmy_scarface [21/7/2012]
AdmCmd: GMX dado por dimmy_scarface [21/7/2012]
AdmCmd: GMX dado por dimmy_scarface [21/7/2012]
AdmCmd: GMX dado por dimmy_scarface [21/7/2012]
AdmCmd: GMX dado por dimmy_scarface [21/7/2012]
AdmCmd: GMX dado por dimmy_scarface [21/7/2012]
AdmCmd: GMX dado por dimmy_scarface [21/7/2012]
AdmCmd: GMX dado por dimmy_scarface [21/7/2012]
AdmCmd: GMX dado por dimmy_scarface [21/7/2012]
AdmCmd: GMX dado por dimmy_scarface [21/7/2012]
AdmCmd: GMX dado por dimmy_scarface [21/7/2012]
AdmCmd: GMX dado por dimmy_scarface [21/7/2012]
AdmCmd: GMX dado por dimmy_scarface [21/7/2012]
AdmCmd: GMX dado por dimmy_scarface [21/7/2012]
AdmCmd: GMX dado por dimmy_scarface [21/7/2012]
AdmCmd: GMX dado por dimmy_scarface [21/7/2012]
AdmCmd: GMX dado por dimmy_scarface [21/7/2012]
AdmCmd: GMX dado por dimmy_scarface [21/7/2012]
AdmCmd: GMX dado por dimmy_scarface [21/7/2012]
AdmCmd: GMX dado por dimmy_scarface [21/7/2012]
AdmCmd: GMX dado por dimmy_scarface [21/7/2012]
AdmCmd: GMX dado por dimmy_scarface [21/7/2012]
AdmCmd: GMX dado por dimmy_scarface [21/7/2012]
AdmCmd: GMX dado por dimmy_scarface [21/7/2012]
AdmCmd: GMX dado por dimmy_scarface [21/7/2012]
AdmCmd: GMX dado por dimmy_scarface [21/7/2012]
AdmCmd: GMX dado por dimmy_scarface [21/7/2012]
AdmCmd: GMX dado por dimmy_scarface [22/7/2012]
AdmCmd: GMX dado por dimmy_scarface [22/7/2012]
AdmCmd: GMX dado por dimmy_scarface [22/7/2012]
AdmCmd: GMX dado por dimmy_scarface [22/7/2012]
AdmCmd: GMX dado por dimmy_scarface [22/7/2012]
AdmCmd: GMX dado por dimmy_scarface [22/7/2012]
AdmCmd: GMX dado por dimmy_scarface [22/7/2012]
AdmCmd: GMX dado por dimmy_scarface [22/7/2012]
AdmCmd: GMX dado por dimmy_scarface [22/7/2012]
AdmCmd: GMX dado por dimmy_scarface [22/7/2012]
AdmCmd: GMX dado por dimmy_scarface [22/7/2012]
AdmCmd: GMX dado por dimmy_scarface [22/7/2012]
AdmCmd: GMX dado por dimmy_scarface [22/7/2012]
AdmCmd: GMX dado por dimmy_scarface [22/7/2012]
AdmCmd: GMX dado por dimmy_scarface [22/7/2012]
AdmCmd: GMX dado por dimmy_scarface [22/7/2012]
AdmCmd: GMX dado por dimmy_scarface [22/7/2012]
AdmCmd: GMX dado por dimmy_scarface [22/7/2012]
AdmCmd: GMX dado por dimmy_scarface [22/7/2012]
AdmCmd: GMX dado por dimmy_scarface [22/7/2012]
AdmCmd: GMX dado por dimmy_scarface [22/7/2012]
AdmCmd: GMX dado por dimmy_scarface [22/7/2012]
AdmCmd: GMX dado por dimmy_scarface [22/7/2012]
AdmCmd: GMX dado por dimmy_scarface [22/7/2012]
AdmCmd: GMX dado por dimmy_scarface [22/7/2012]
AdmCmd: GMX dado por dimmy_scarface [22/7/2012]
AdmCmd: GMX dado por dimmy_scarface [22/7/2012]
AdmCmd: GMX dado por dimmy_scarface [22/7/2012]
AdmCmd: GMX dado por dimmy_scarface [22/7/2012]
AdmCmd: GMX dado por dimmy_scarface [22/7/2012]
AdmCmd: GMX dado por dimmy_scarface [22/7/2012]
AdmCmd: GMX dado por dimmy_scarface [22/7/2012]
AdmCmd: GMX dado por dimmy_scarface [22/7/2012]
AdmCmd: GMX dado por dimmy_scarface [22/7/2012]
AdmCmd: GMX dado por dimmy_scarface [22/7/2012]
AdmCmd: GMX dado por dimmy_scarface [22/7/2012]
AdmCmd: GMX dado por dimmy_scarface [22/7/2012]
AdmCmd: GMX dado por dimmy_scarface [22/7/2012]
AdmCmd: GMX dado por dimmy_scarface [22/7/2012]
AdmCmd: GMX dado por dimmy_scarface [22/7/2012]
AdmCmd: GMX dado por dimmy_scarface [22/7/2012]
AdmCmd: GMX dado por dimmy_scarface [22/7/2012]
AdmCmd: GMX dado por dimmy_scarface [22/7/2012]
AdmCmd: GMX dado por dimmy_scarface [22/7/2012]
AdmCmd: GMX dado por dimmy_scarface [23/7/2012]
AdmCmd: GMX dado por dimmy_scarface [23/7/2012]
AdmCmd: GMX dado por dimmy_scarface [23/7/2012]
AdmCmd: GMX dado por dimmy_scarface [23/7/2012]
AdmCmd: GMX dado por dimmy_scarface [23/7/2012]
AdmCmd: GMX dado por dimmy_scarface [23/7/2012]
AdmCmd: GMX dado por dimmy_scarface [23/7/2012]
AdmCmd: GMX dado por dimmy_scarface [23/7/2012]
AdmCmd: GMX dado por dimmy_scarface [23/7/2012]
AdmCmd: GMX dado por dimmy_scarface [23/7/2012]
AdmCmd: GMX dado por dimmy_scarface [23/7/2012]
AdmCmd: GMX dado por dimmy_scarface [24/7/2012]
AdmCmd: GMX dado por dimmy_scarface [24/7/2012]
AdmCmd: GMX dado por dimmy_scarface [24/7/2012]
AdmCmd: GMX dado por dimmy_scarface [24/7/2012]
AdmCmd: GMX dado por dimmy_scarface [24/7/2012]
AdmCmd: GMX dado por dimmy_scarface [24/7/2012]
AdmCmd: GMX dado por dimmy_scarface [24/7/2012]
AdmCmd: GMX dado por dimmy_scarface [24/7/2012]
AdmCmd: GMX dado por dimmy_scarface [24/7/2012]
AdmCmd: GMX dado por dimmy_scarface [24/7/2012]
AdmCmd: GMX dado por dimmy_scarface [24/7/2012]
AdmCmd: GMX dado por dimmy_scarface [24/7/2012]
AdmCmd: GMX dado por dimmy_scarface [24/7/2012]
AdmCmd: GMX dado por dimmy_scarface [24/7/2012]
AdmCmd: GMX dado por dimmy_scarface [24/7/2012]
AdmCmd: GMX dado por dimmy_scarface [24/7/2012]
AdmCmd: GMX dado por dimmy_scarface [24/7/2012]
AdmCmd: GMX dado por dimmy_scarface [24/7/2012]
AdmCmd: GMX dado por dimmy_scarface [24/7/2012]
AdmCmd: GMX dado por dimmy_scarface [24/7/2012]
AdmCmd: GMX dado por dimmy_scarface [24/7/2012]
AdmCmd: GMX dado por dimmy_scarface [24/7/2012]
AdmCmd: GMX dado por dimmy_scarface [24/7/2012]
AdmCmd: GMX dado por dimmy_scarface [24/7/2012]
AdmCmd: GMX dado por dimmy_scarface [24/7/2012]
AdmCmd: GMX dado por dimmy_scarface [24/7/2012]
AdmCmd: GMX dado por dimmy_scarface [24/7/2012]
AdmCmd: GMX dado por dimmy_scarface [24/7/2012]
AdmCmd: GMX dado por Ariel_Scarface [24/7/2012]
AdmCmd: GMX dado por Ariel_Scarface [24/7/2012]
AdmCmd: GMX dado por Ariel_Scarface [24/7/2012]
AdmCmd: GMX dado por Ariel_Scarface [24/7/2012]
AdmCmd: GMX dado por Ariel_Scarface [25/7/2012]
AdmCmd: GMX dado por dimmy_scarface [25/7/2012]
AdmCmd: GMX dado por dimmy_scarface [25/7/2012]
AdmCmd: GMX dado por dimmy_scarface [25/7/2012]
AdmCmd: GMX dado por dimmy_scarface [25/7/2012]
AdmCmd: GMX dado por dimmy_scarface [25/7/2012]
AdmCmd: GMX dado por dimmy_scarface [25/7/2012]
AdmCmd: GMX dado por dimmy_scarface [25/7/2012]
AdmCmd: GMX dado por dimmy_scarface [25/7/2012]
AdmCmd: GMX dado por dimmy_scarface [25/7/2012]
AdmCmd: GMX dado por dimmy_scarface [25/7/2012]
AdmCmd: GMX dado por dimmy_scarface [25/7/2012]
AdmCmd: GMX dado por dimmy_scarface [25/7/2012]
AdmCmd: GMX dado por dimmy_scarface [25/7/2012]
AdmCmd: GMX dado por dimmy_scarface [25/7/2012]
AdmCmd: GMX dado por dimmy_scarface [25/7/2012]
AdmCmd: GMX dado por dimmy_scarface [25/7/2012]
AdmCmd: GMX dado por dimmy_scarface [25/7/2012]
AdmCmd: GMX dado por dimmy_scarface [25/7/2012]
AdmCmd: GMX dado por dimmy_scarface [25/7/2012]
AdmCmd: GMX dado por dimmy_scarface [25/7/2012]
AdmCmd: GMX dado por dimmy_scarface [25/7/2012]
AdmCmd: GMX dado por dimmy_scarface [25/7/2012]
AdmCmd: GMX dado por dimmy_scarface [25/7/2012]
AdmCmd: GMX dado por dimmy_scarface [25/7/2012]
AdmCmd: GMX dado por dimmy_scarface [25/7/2012]
AdmCmd: GMX dado por dimmy_scarface [25/7/2012]
AdmCmd: GMX dado por dimmy_scarfaceT [26/7/2012]
AdmCmd: GMX dado por dimmy_scarfaceT [26/7/2012]
AdmCmd: GMX dado por dimmy_scarfaceT [26/7/2012]
AdmCmd: GMX dado por dimmy_scarfaceT [26/7/2012]
AdmCmd: GMX dado por dimmy_scarface [26/7/2012]
AdmCmd: GMX dado por dimmy_scarface [26/7/2012]
AdmCmd: GMX dado por dimmy_scarface [26/7/2012]
AdmCmd: GMX dado por dimmy_scarface [26/7/2012]
AdmCmd: GMX dado por dimmy_scarface [26/7/2012]
AdmCmd: GMX dado por dimmy_scarface [26/7/2012]
AdmCmd: GMX dado por dimmy_scarface [26/7/2012]
AdmCmd: GMX dado por dimmy_scarface [26/7/2012]
AdmCmd: GMX dado por dimmy_scarface [26/7/2012]
AdmCmd: GMX dado por dimmy_scarface [26/7/2012]
AdmCmd: GMX dado por dimmy_scarface [26/7/2012]
AdmCmd: GMX dado por dimmy_scarface [26/7/2012]
AdmCmd: GMX dado por dimmy_scarface [26/7/2012]
AdmCmd: GMX dado por dimmy_scarface [26/7/2012]
AdmCmd: GMX dado por dimmy_scarface [26/7/2012]
AdmCmd: GMX dado por dimmy_scarface [26/7/2012]
AdmCmd: GMX dado por dimmy_scarface [26/7/2012]
AdmCmd: GMX dado por dimmy_scarface [26/7/2012]
AdmCmd: GMX dado por dimmy_scarface [26/7/2012]
AdmCmd: GMX dado por dimmy_scarface [26/7/2012]
AdmCmd: GMX dado por dimmy_scarface [26/7/2012]
AdmCmd: GMX dado por dimmy_scarface [26/7/2012]
AdmCmd: GMX dado por dimmy_scarface [26/7/2012]
AdmCmd: GMX dado por dimmy_scarface [26/7/2012]
AdmCmd: GMX dado por dimmy_scarface [27/7/2012]
AdmCmd: GMX dado por dimmy_scarface [27/7/2012]
AdmCmd: GMX dado por dimmy_scarface [27/7/2012]
AdmCmd: GMX dado por dimmy_scarface [27/7/2012]
AdmCmd: GMX dado por dimmy_scarface [27/7/2012]
AdmCmd: GMX dado por dimmy_scarface [27/7/2012]
AdmCmd: GMX dado por dimmy_scarface [27/7/2012]
AdmCmd: GMX dado por dimmy_scarface [27/7/2012]
AdmCmd: GMX dado por dimmy_scarface [27/7/2012]
AdmCmd: GMX dado por dimmy_scarface [27/7/2012]
AdmCmd: GMX dado por dimmy_scarface [27/7/2012]
AdmCmd: GMX dado por dimmy_scarface [27/7/2012]
AdmCmd: GMX dado por dimmy_scarface [27/7/2012]
AdmCmd: GMX dado por dimmy_scarface [27/7/2012]
AdmCmd: GMX dado por dimmy_scarface [27/7/2012]
AdmCmd: GMX dado por dimmy_scarface [27/7/2012]
AdmCmd: GMX dado por dimmy_scarface [27/7/2012]
AdmCmd: GMX dado por dimmy_scarface [27/7/2012]
AdmCmd: GMX dado por dimmy_scarface [27/7/2012]
AdmCmd: GMX dado por dimmy_scarface [27/7/2012]
AdmCmd: GMX dado por dimmy_scarface [27/7/2012]
AdmCmd: GMX dado por dimmy_scarface [27/7/2012]
AdmCmd: GMX dado por dimmy_scarface [27/7/2012]
AdmCmd: GMX dado por dimmy_scarface [27/7/2012]
AdmCmd: GMX dado por dimmy_scarface9000 [27/7/2012]
AdmCmd: GMX dado por dimmy_scarface900 [27/7/2012]
AdmCmd: GMX dado por dimmy_scarface900 [27/7/2012]
AdmCmd: GMX dado por dimmy_scarface900 [27/7/2012]
AdmCmd: GMX dado por dimmy_scarface [27/7/2012]
AdmCmd: GMX dado por dimmy_scarface [3/8/2012]
AdmCmd: GMX dado por dimmy_scarface [3/8/2012]
AdmCmd: GMX dado por dimmy_scarface [3/8/2012]
AdmCmd: GMX dado por dimmy_scarface [3/8/2012]
AdmCmd: GMX dado por dimmy_scarface [3/8/2012]
AdmCmd: GMX dado por dimmy_scarface [3/8/2012]
AdmCmd: GMX dado por dimmy_scarface [3/8/2012]
AdmCmd: GMX dado por dimmy_scarface [3/8/2012]
AdmCmd: GMX dado por dimmy_scarface [3/8/2012]
AdmCmd: GMX dado por dimmy_scarface [3/8/2012]
AdmCmd: GMX dado por dimmy_scarface [3/8/2012]
AdmCmd: GMX dado por dimmy_scarface [3/8/2012]
AdmCmd: GMX dado por dimmy_scarface [3/8/2012]
AdmCmd: GMX dado por dimmy_scarface [3/8/2012]
AdmCmd: GMX dado por dimmy_scarface [3/8/2012]
AdmCmd: GMX dado por dimmy_scarface [3/8/2012]
AdmCmd: GMX dado por dimmy_scarface [3/8/2012]
AdmCmd: GMX dado por dimmy_scarface [3/8/2012]
AdmCmd: GMX dado por dimmy_scarface [3/8/2012]
AdmCmd: GMX dado por dimmy_scarface [3/8/2012]
AdmCmd: GMX dado por dimmy_scarface [3/8/2012]
AdmCmd: GMX dado por dimmy_scarface [3/8/2012]
AdmCmd: GMX dado por dimmy_scarface [3/8/2012]
AdmCmd: GMX dado por dimmy_scarface [3/8/2012]
AdmCmd: GMX dado por dimmy_scarface [3/8/2012]
AdmCmd: GMX dado por dimmy_scarface [3/8/2012]
AdmCmd: GMX dado por dimmy_scarface [3/8/2012]
AdmCmd: GMX dado por dimmy_scarface [3/8/2012]
AdmCmd: GMX dado por dimmy_scarface [3/8/2012]
AdmCmd: GMX dado por dimmy_scarface [3/8/2012]
AdmCmd: GMX dado por dimmy_scarface [3/8/2012]
AdmCmd: GMX dado por dimmy_scarface [3/8/2012]
AdmCmd: GMX dado por dimmy_scarface [3/8/2012]
AdmCmd: GMX dado por dimmy_scarface [3/8/2012]
AdmCmd: GMX dado por dimmy_scarface [3/8/2012]
AdmCmd: GMX dado por dimmy_scarface [3/8/2012]
AdmCmd: GMX dado por dimmy_scarface [3/8/2012]
AdmCmd: GMX dado por dimmy_scarface [3/8/2012]
AdmCmd: GMX dado por dimmy_scarface [3/8/2012]
AdmCmd: GMX dado por dimmy_scarface [3/8/2012]
AdmCmd: GMX dado por dimmy_scarface [4/8/2012]
AdmCmd: GMX dado por dimmy_scarface [4/8/2012]
AdmCmd: GMX dado por dimmy_scarface [4/8/2012]
AdmCmd: GMX dado por dimmy_scarface [7/8/2012]
AdmCmd: GMX dado por dimmy_scarface [7/8/2012]
AdmCmd: GMX dado por dimmy_scarface [7/8/2012]
AdmCmd: GMX dado por dimmy_scarface [7/8/2012]
AdmCmd: GMX dado por dimmy_scarface [7/8/2012]
AdmCmd: GMX dado por dimmy_scarface [7/8/2012]
AdmCmd: GMX dado por dimmy_scarface [8/8/2012]
AdmCmd: GMX dado por dimmy_scarface [8/8/2012]
AdmCmd: GMX dado por dimmy_scarface [8/8/2012]
AdmCmd: GMX dado por dimmy_scarface [8/8/2012]
AdmCmd: GMX dado por dimmy_scarface [8/8/2012]
AdmCmd: GMX dado por dimmy_scarface [8/8/2012]
AdmCmd: GMX dado por dimmy_scarface [8/8/2012]
AdmCmd: GMX dado por dimmy_scarface [8/8/2012]
AdmCmd: GMX dado por dimmy_scarface [8/8/2012]
AdmCmd: GMX dado por dimmy_scarface [8/8/2012]
AdmCmd: GMX dado por dimmy_scarface [8/8/2012]
AdmCmd: GMX dado por dimmy_scarface [8/8/2012]
AdmCmd: GMX dado por dimmy_scarface [8/8/2012]
AdmCmd: GMX dado por dimmy_scarface [8/8/2012]
AdmCmd: GMX dado por dimmy_scarface [8/8/2012]
AdmCmd: GMX dado por dimmy_scarface [8/8/2012]
AdmCmd: GMX dado por dimmy_scarface [8/8/2012]
AdmCmd: GMX dado por dimmy_scarface [8/8/2012]
AdmCmd: GMX dado por dimmy_scarface [8/8/2012]
AdmCmd: GMX dado por dimmy_scarface [8/8/2012]
AdmCmd: GMX dado por dimmy_scarface [8/8/2012]
AdmCmd: GMX dado por dimmy_scarface [8/8/2012]
AdmCmd: GMX dado por dimmy_scarface [8/8/2012]
AdmCmd: GMX dado por dimmy_scarface [8/8/2012]
AdmCmd: GMX dado por dimmy_scarface [8/8/2012]
AdmCmd: GMX dado por dimmy_scarface [8/8/2012]
AdmCmd: GMX dado por dimmy_scarface [8/8/2012]
AdmCmd: GMX dado por dimmy_scarface [8/8/2012]
AdmCmd: GMX dado por dimmy_scarface [8/8/2012]
AdmCmd: GMX dado por dimmy_scarface [8/8/2012]
AdmCmd: GMX dado por dimmy_scarface [8/8/2012]
AdmCmd: GMX dado por dimmy_scarface [8/8/2012]
AdmCmd: GMX dado por dimmy_scarface [8/8/2012]
AdmCmd: GMX dado por dimmy_scarface [8/8/2012]
AdmCmd: GMX dado por dimmy_scarface [8/8/2012]
AdmCmd: GMX dado por dimmy_scarface [8/8/2012]
AdmCmd: GMX dado por dimmy_scarface [8/8/2012]
AdmCmd: GMX dado por dimmy_scarface [8/8/2012]
AdmCmd: GMX dado por dimmy_scarface [8/8/2012]
AdmCmd: GMX dado por dimmy_scarface [8/8/2012]
AdmCmd: GMX dado por dimmy_scarface [8/8/2012]
AdmCmd: GMX dado por dimmy_scarface [8/8/2012]
AdmCmd: GMX dado por dimmy_scarface [8/8/2012]
AdmCmd: GMX dado por dimmy_scarface [9/8/2012]
AdmCmd: GMX dado por dimmy_scarface [13/8/2012]
AdmCmd: GMX dado por dimmy_scarface [13/8/2012]
AdmCmd: GMX dado por dimmy_scarface [9/8/2012]
AdmCmd: GMX dado por dimmy_scarface [9/8/2012]
AdmCmd: GMX dado por dimmy_scarface [15/8/2012]
AdmCmd: GMX dado por dimmy_scarface [22/8/2012]
AdmCmd: GMX dado por dimmy_scarface [25/9/2012]
AdmCmd: GMX dado por dimmy_scarface [25/9/2012]
AdmCmd: GMX dado por dimmy_scarface [25/9/2012]
AdmCmd: GMX dado por dimmy_scarface [17/8/2012]
AdmCmd: GMX dado por dimmy_scarface [17/8/2012]
AdmCmd: GMX dado por dimmy_scarface [17/8/2012]
AdmCmd: GMX dado por dimmy_scarface [17/9/2012]
AdmCmd: GMX dado por dimmy_scarface [9/8/2012]
AdmCmd: GMX dado por dimmy_scarface [18/8/2012]
AdmCmd: GMX dado por dimmy_scarface [18/8/2012]
AdmCmd: GMX dado por dimmy_scarface [18/9/2012]
AdmCmd: GMX dado por dimmy_scarface [18/9/2012]
AdmCmd: GMX dado por dimmy_scarface [18/9/2012]
AdmCmd: GMX dado por dimmy_scarface [9/8/2012]
AdmCmd: GMX dado por dimmy_scarface [9/8/2012]
AdmCmd: GMX dado por dimmy_scarface [9/8/2012]
AdmCmd: GMX dado por dimmy_scarface [18/8/2012]
AdmCmd: GMX dado por dimmy_scarface [16/8/2012]
AdmCmd: GMX dado por dimmy_scarface [19/12/2012]
AdmCmd: GMX dado por dimmy_scarface [19/12/2012]
AdmCmd: GMX dado por dimmy_scarface [19/12/2012]
AdmCmd: GMX dado por dimmy_scarface [19/12/2012]
AdmCmd: GMX dado por dimmy_scarface [19/12/2012]
AdmCmd: GMX dado por dimmy_scarface [19/12/2012]
AdmCmd: GMX dado por dimmy_scarface [19/12/2012]
AdmCmd: GMX dado por dimmy_scarface [9/8/2012]
AdmCmd: GMX dado por dimmy_scarface [24/11/2012]
AdmCmd: GMX dado por dimmy_scarface [24/11/2012]
AdmCmd: GMX dado por dimmy_scarface [24/11/2012]
AdmCmd: GMX dado por dimmy_scarface [24/1/2013]
AdmCmd: GMX dado por dimmy_scarface [24/3/2013]
AdmCmd: GMX dado por dimmy_scarface [9/8/2012]
AdmCmd: GMX dado por dimmy_scarface [9/8/2012]
AdmCmd: GMX dado por dimmy_scarface [10/10/2012]
AdmCmd: GMX dado por dimmy_scarface [10/10/2012]
AdmCmd: GMX dado por dimmy_scarface [13/10/2012]
AdmCmd: GMX dado por dimmy_scarface [13/10/2012]
AdmCmd: GMX dado por dimmy_scarface [13/10/2012]
AdmCmd: GMX dado por dimmy_scarface [27/12/2012]
AdmCmd: GMX dado por dimmy_scarface [27/3/2013]
AdmCmd: GMX dado por dimmy_scarface [9/8/2012]
AdmCmd: GMX dado por dimmy_scarface [11/10/2012]
AdmCmd: GMX dado por dimmy_scarface [11/10/2012]
AdmCmd: GMX dado por dimmy_scarface [9/8/2012]
AdmCmd: GMX dado por dimmy_scarface [9/8/2012]
AdmCmd: GMX dado por dimmy_scarface [9/8/2012]
AdmCmd: GMX dado por dimmy_scarface [9/8/2012]
AdmCmd: GMX dado por dimmy_scarface [9/8/2012]
AdmCmd: GMX dado por dimmy_scarface [10/11/2012]
AdmCmd: GMX dado por dimmy_scarface [10/11/2012]
AdmCmd: GMX dado por dimmy_scarface [10/11/2012]
AdmCmd: GMX dado por dimmy_scarface [11/1/2013]
AdmCmd: GMX dado por dimmy_scarface [11/1/2013]
AdmCmd: GMX dado por dimmy_scarface [11/1/2013]
AdmCmd: GMX dado por dimmy_scarface [11/8/2013]
AdmCmd: GMX dado por dimmy_scarface [11/12/2013]
AdmCmd: GMX dado por dimmy_scarface [9/8/2012]
AdmCmd: GMX dado por dimmy_scarface [9/8/2013]
AdmCmd: GMX dado por dimmy_scarface [11/9/2012]
AdmCmd: GMX dado por dimmy_scarface [20/9/2012]
AdmCmd: GMX dado por dimmy_scarface [20/9/2012]
AdmCmd: GMX dado por dimmy_scarface [23/11/2012]
AdmCmd: GMX dado por dimmy_scarface [30/11/2012]
AdmCmd: GMX dado por dimmy_scarface [30/11/2012]
AdmCmd: GMX dado por dimmy_scarface [10/8/2012]
AdmCmd: GMX dado por dimmy_scarface [10/8/2012]
AdmCmd: GMX dado por dimmy_scarface [10/8/2012]
AdmCmd: GMX dado por dimmy_scarface [10/8/2012]
AdmCmd: GMX dado por dimmy_scarface [10/8/2012]
AdmCmd: GMX dado por dimmy_scarface [10/8/2012]
AdmCmd: GMX dado por dimmy_scarface [10/8/2012]
AdmCmd: GMX dado por dimmy_scarface [10/8/2012]
AdmCmd: GMX dado por dimmy_scarface [10/8/2012]
AdmCmd: GMX dado por dimmy_scarface [10/8/2012]
AdmCmd: GMX dado por dimmy_scarface [10/8/2012]
AdmCmd: GMX dado por dimmy_scarface [10/8/2012]
AdmCmd: GMX dado por dimmy_scarface [10/8/2012]
AdmCmd: GMX dado por dimmy_scarface [10/8/2012]
AdmCmd: GMX dado por dimmy_scarface [10/8/2012]
AdmCmd: GMX dado por dimmy_scarface [24/8/2012]
AdmCmd: GMX dado por dimmy_scarface [24/8/2012]
AdmCmd: GMX dado por dimmy_scarface [24/8/2012]
AdmCmd: GMX dado por dimmy_scarface [24/8/2012]
AdmCmd: GMX dado por dimmy_scarface [24/8/2012]
AdmCmd: GMX dado por dimmy_scarface [24/8/2012]
AdmCmd: GMX dado por dimmy_scarface [24/8/2012]
AdmCmd: GMX dado por dimmy_scarface [24/8/2012]
AdmCmd: GMX dado por dimmy_scarface [24/8/2012]
AdmCmd: GMX dado por dimmy_scarface [24/8/2012]
AdmCmd: GMX dado por dimmy_scarface [10/8/2012]
AdmCmd: GMX dado por dimmy_scarface [10/8/2012]
AdmCmd: GMX dado por dimmy_scarface [10/8/2012]
AdmCmd: GMX dado por dimmy_scarface [10/8/2012]
AdmCmd: GMX dado por dimmy_scarface [10/8/2012]
AdmCmd: GMX dado por dimmy_scarface [10/8/2012]
AdmCmd: GMX dado por dimmy_scarface [10/8/2012]
AdmCmd: GMX dado por dimmy_scarface [10/8/2012]
AdmCmd: GMX dado por dimmy_scarface [10/8/2012]
AdmCmd: GMX dado por dimmy_scarface [10/8/2012]
AdmCmd: GMX dado por dimmy_scarface [10/8/2012]
AdmCmd: GMX dado por dimmy_scarface [10/8/2012]
AdmCmd: GMX dado por dimmy_scarface [10/8/2012]
AdmCmd: GMX dado por dimmy_scarface [10/8/2012]
AdmCmd: GMX dado por dimmy_scarface [10/8/2012]
AdmCmd: GMX dado por dimmy_scarface [10/8/2012]
AdmCmd: GMX dado por dimmy_scarface [10/8/2012]
AdmCmd: GMX dado por dimmy_scarface [10/8/2012]
AdmCmd: GMX dado por dimmy_scarface [11/8/2012]
AdmCmd: GMX dado por dimmy_scarface [11/8/2012]
AdmCmd: GMX dado por dimmy_scarface [11/8/2012]
AdmCmd: GMX dado por dimmy_scarface [11/8/2012]
AdmCmd: GMX dado por dimmy_scarface [11/8/2012]
AdmCmd: GMX dado por dimmy_scarface [11/8/2012]
AdmCmd: GMX dado por dimmy_scarface [11/8/2012]
AdmCmd: GMX dado por dimmy_scarface [11/8/2012]
AdmCmd: GMX dado por dimmy_scarface [11/8/2012]
AdmCmd: GMX dado por dimmy_scarface [11/8/2012]
AdmCmd: GMX dado por dimmy_scarface [11/8/2012]
AdmCmd: GMX dado por dimmy_scarface [11/8/2012]
AdmCmd: GMX dado por dimmy_scarface [11/8/2012]
AdmCmd: GMX dado por dimmy_scarface [11/8/2012]
AdmCmd: GMX dado por dimmy_scarface [11/8/2012]
AdmCmd: GMX dado por dimmy_scarface [11/8/2012]
AdmCmd: GMX dado por dimmy_scarface [11/8/2012]
AdmCmd: GMX dado por dimmy_scarface [11/8/2012]
AdmCmd: GMX dado por dimmy_scarface [11/8/2012]
AdmCmd: GMX dado por dimmy_scarface [11/8/2012]
AdmCmd: GMX dado por dimmy_scarface [11/8/2012]
AdmCmd: GMX dado por dimmy_scarface [11/8/2012]
AdmCmd: GMX dado por dimmy_scarface2 [12/8/2012]
AdmCmd: GMX dado por dimmy_scarface [12/8/2012]
AdmCmd: GMX dado por dimmy_scarface [12/8/2012]
AdmCmd: GMX dado por dimmy_scarface [12/8/2012]
AdmCmd: GMX dado por dimmy_scarface [12/8/2012]
AdmCmd: GMX dado por dimmy_scarface [12/8/2012]
AdmCmd: GMX dado por dimmy_scarface [12/8/2012]
AdmCmd: GMX dado por dimmy_scarface [12/8/2012]
AdmCmd: GMX dado por dimmy_scarface [12/8/2012]
AdmCmd: GMX dado por dimmy_scarface [12/8/2012]
AdmCmd: GMX dado por dimmy_scarface [12/8/2012]
AdmCmd: GMX dado por dimmy_scarface [12/8/2012]
AdmCmd: GMX dado por dimmy_scarface [12/8/2012]
AdmCmd: GMX dado por dimmy_scarface [12/8/2012]
AdmCmd: GMX dado por dimmy_scarface [12/8/2012]
AdmCmd: GMX dado por dimmy_scarface [12/8/2012]
AdmCmd: GMX dado por dimmy_scarface [12/8/2012]
AdmCmd: GMX dado por dimmy_scarface [12/8/2012]
AdmCmd: GMX dado por dimmy_scarface [12/8/2012]
AdmCmd: GMX dado por dimmy_scarface [12/8/2012]
AdmCmd: GMX dado por dimmy_scarface [12/8/2012]
AdmCmd: GMX dado por dimmy_scarface [12/8/2012]
AdmCmd: GMX dado por dimmy_scarface [12/8/2012]
AdmCmd: GMX dado por dimmy_scarface [12/8/2012]
AdmCmd: GMX dado por dimmy_scarface [12/8/2012]
AdmCmd: GMX dado por dimmy_scarface [12/8/2012]
AdmCmd: GMX dado por dimmy_scarface [12/8/2012]
AdmCmd: GMX dado por dimmy_scarface [12/8/2012]
AdmCmd: GMX dado por dimmy_scarface [12/8/2012]
AdmCmd: GMX dado por dimmy_scarface [12/8/2012]
AdmCmd: GMX dado por dimmy_scarface [12/8/2012]
AdmCmd: GMX dado por dimmy_scarface [12/8/2012]
AdmCmd: GMX dado por dimmy_scarface [12/8/2012]
AdmCmd: GMX dado por dimmy_scarface [12/8/2012]
AdmCmd: GMX dado por dimmy_scarface [12/8/2012]
AdmCmd: GMX dado por dimmy_scarface [12/8/2012]
AdmCmd: GMX dado por dimmy_scarface [12/8/2012]
AdmCmd: GMX dado por dimmy_scarface [12/8/2012]
AdmCmd: GMX dado por dimmy_scarface [12/8/2012]
AdmCmd: GMX dado por dimmy_scarface [12/8/2012]
AdmCmd: GMX dado por dimmy_scarface [12/8/2012]
AdmCmd: GMX dado por dimmy_scarface [12/8/2012]
AdmCmd: GMX dado por dimmy_scarface [12/8/2012]
AdmCmd: GMX dado por dimmy_scarface [13/8/2012]
AdmCmd: GMX dado por dimmy_scarface [13/8/2012]
AdmCmd: GMX dado por dimmy_scarface [14/9/2012]
AdmCmd: GMX dado por dimmy_scarface [14/9/2012]
AdmCmd: GMX dado por dimmy_scarface [14/9/2012]
AdmCmd: GMX dado por dimmy_scarface [14/9/2012]
AdmCmd: GMX dado por dimmy_scarface [14/9/2012]
AdmCmd: GMX dado por dimmy_scarface [14/9/2012]
AdmCmd: GMX dado por dimmy_scarface [14/9/2012]
AdmCmd: GMX dado por dimmy_scarface [14/9/2012]
AdmCmd: GMX dado por dimmy_scarface [14/9/2012]
AdmCmd: GMX dado por dimmy_scarface [14/9/2012]
AdmCmd: GMX dado por dimmy_scarface [14/9/2012]
AdmCmd: GMX dado por dimmy_scarface [14/9/2012]
AdmCmd: GMX dado por dimmy_scarface [14/9/2012]
AdmCmd: GMX dado por dimmy_scarface [14/9/2012]
AdmCmd: GMX dado por dimmy_scarface [14/9/2012]
AdmCmd: GMX dado por dimmy_scarface [14/9/2012]
AdmCmd: GMX dado por dimmy_scarface [14/9/2012]
AdmCmd: GMX dado por dimmy_scarface [14/9/2012]
AdmCmd: GMX dado por dimmy_scarface [14/9/2012]
AdmCmd: GMX dado por dimmy_scarface [14/9/2012]
AdmCmd: GMX dado por dimmy_scarface [14/9/2012]
AdmCmd: GMX dado por dimmy_scarface [15/9/2012]
AdmCmd: GMX dado por dimmy_scarface [15/9/2012]
AdmCmd: GMX dado por dimmy_scarface [15/9/2012]
AdmCmd: GMX dado por dimmy_scarface [15/9/2012]
AdmCmd: GMX dado por dimmy_scarface [15/9/2012]
AdmCmd: GMX dado por dimmy_scarface [15/9/2012]
AdmCmd: GMX dado por dimmy_scarface [15/9/2012]
AdmCmd: GMX dado por dimmy_scarface [15/9/2012]
AdmCmd: GMX dado por dimmy_scarface [15/9/2012]
AdmCmd: GMX dado por dimmy_scarface [15/9/2012]
AdmCmd: GMX dado por dimmy_scarface [15/9/2012]
AdmCmd: GMX dado por dimmy_scarface [15/9/2012]
AdmCmd: GMX dado por dimmy_scarface [15/9/2012]
AdmCmd: GMX dado por dimmy_scarface [15/9/2012]
AdmCmd: GMX dado por dimmy_scarface [15/9/2012]
AdmCmd: GMX dado por dimmy_scarface [15/9/2012]
AdmCmd: GMX dado por dimmy_scarface [15/9/2012]
AdmCmd: GMX dado por dimmy_scarface [15/9/2012]
AdmCmd: GMX dado por dimmy_scarface [15/9/2012]
AdmCmd: GMX dado por dimmy_scarface [15/9/2012]
AdmCmd: GMX dado por dimmy_scarface [15/9/2012]
AdmCmd: GMX dado por dimmy_scarface [15/9/2012]
AdmCmd: GMX dado por dimmy_scarface [15/9/2012]
AdmCmd: GMX dado por dimmy_scarface [15/9/2012]
AdmCmd: GMX dado por dimmy_scarface [15/9/2012]
AdmCmd: GMX dado por dimmy_scarface [15/9/2012]
AdmCmd: GMX dado por dimmy_scarface [15/9/2012]
AdmCmd: GMX dado por dimmy_scarface [15/9/2012]
AdmCmd: GMX dado por dimmy_scarface [15/9/2012]
AdmCmd: GMX dado por dimmy_scarface [15/9/2012]
AdmCmd: GMX dado por dimmy_scarface [15/9/2012]
AdmCmd: GMX dado por dimmy_scarface [15/9/2012]
AdmCmd: GMX dado por dimmy_scarface [15/9/2012]
AdmCmd: GMX dado por dimmy_scarface [15/9/2012]
AdmCmd: GMX dado por dimmy_scarface [15/9/2012]
AdmCmd: GMX dado por dimmy_scarface [15/9/2012]
AdmCmd: GMX dado por dimmy_scarface [15/9/2012]
AdmCmd: GMX dado por dimmy_scarface [15/9/2012]
AdmCmd: GMX dado por dimmy_scarface [15/9/2012]
AdmCmd: GMX dado por dimmy_scarface [15/9/2012]
AdmCmd: GMX dado por dimmy_scarface [15/9/2012]
AdmCmd: GMX dado por dimmy_scarface [15/9/2012]
AdmCmd: GMX dado por dimmy_scarface [14/8/2012]
AdmCmd: GMX dado por dimmy_scarface [14/8/2012]
AdmCmd: GMX dado por dimmy_scarface [14/8/2012]
AdmCmd: GMX dado por dimmy_scarface [14/8/2012]
AdmCmd: GMX dado por dimmy_scarface [14/8/2012]
AdmCmd: GMX dado por dimmy_scarface [14/8/2012]
AdmCmd: GMX dado por dimmy_scarface [14/8/2012]
AdmCmd: GMX dado por dimmy_scarface [14/8/2012]
AdmCmd: GMX dado por dimmy_scarface [14/8/2012]
AdmCmd: GMX dado por dimmy_scarface [14/8/2012]
AdmCmd: GMX dado por dimmy_scarface [14/8/2012]
AdmCmd: GMX dado por dimmy_scarface [14/8/2012]
AdmCmd: GMX dado por dimmy_scarface [14/8/2012]
AdmCmd: GMX dado por dimmy_scarface [14/8/2012]
AdmCmd: GMX dado por dimmy_scarface [14/8/2012]
AdmCmd: GMX dado por dimmy_scarface2 [14/8/2012]
AdmCmd: GMX dado por dimmy_scarface [15/8/2012]
AdmCmd: GMX dado por dimmy_scarface [15/8/2012]
AdmCmd: GMX dado por dimmy_scarface [15/8/2012]
AdmCmd: GMX dado por dimmy_scarface [15/8/2012]
AdmCmd: GMX dado por dimmy_scarface [15/8/2012]
AdmCmd: GMX dado por dimmy_scarface [15/8/2012]
AdmCmd: GMX dado por dimmy_scarface [15/8/2012]
AdmCmd: GMX dado por dimmy_scarface [15/8/2012]
AdmCmd: GMX dado por dimmy_scarface [15/8/2012]
AdmCmd: GMX dado por dimmy_scarface [15/8/2012]
AdmCmd: GMX dado por dimmy_scarface [15/8/2012]
AdmCmd: GMX dado por dimmy_scarface [15/8/2012]
AdmCmd: GMX dado por dimmy_scarface [15/8/2012]
AdmCmd: GMX dado por dimmy_scarface [15/8/2012]
AdmCmd: GMX dado por dimmy_scarface [15/8/2012]
AdmCmd: GMX dado por dimmy_scarface [15/8/2012]
AdmCmd: GMX dado por dimmy_scarface [15/8/2012]
AdmCmd: GMX dado por dimmy_scarface [21/8/2012]
AdmCmd: GMX dado por dimmy_scarface [25/8/2012]
AdmCmd: GMX dado por dimmy_scarface [25/8/2012]
AdmCmd: GMX dado por dimmy_scarface [25/8/2012]
AdmCmd: GMX dado por dimmy_scarface [25/8/2012]
AdmCmd: GMX dado por dimmy_scarface [25/8/2012]
AdmCmd: GMX dado por dimmy_scarface [25/8/2012]
AdmCmd: GMX dado por dimmy_scarface [25/8/2012]
AdmCmd: GMX dado por dimmy_scarface [25/8/2012]
AdmCmd: GMX dado por dimmy_scarface [25/8/2012]
AdmCmd: GMX dado por dimmy_scarface [25/8/2012]
AdmCmd: GMX dado por dimmy_scarface [25/8/2012]
AdmCmd: GMX dado por dimmy_scarface [25/8/2012]
AdmCmd: GMX dado por dimmy_scarface [25/8/2012]
AdmCmd: GMX dado por dimmy_scarface [25/8/2012]
AdmCmd: GMX dado por dimmy_scarface [25/8/2012]
AdmCmd: GMX dado por dimmy_scarface [25/8/2012]
AdmCmd: GMX dado por dimmy_scarface [26/8/2012]
AdmCmd: GMX dado por dimmy_scarface [26/8/2012]
AdmCmd: GMX dado por dimmy_scarface [26/8/2012]
AdmCmd: GMX dado por dimmy_scarface [26/8/2012]
AdmCmd: GMX dado por dimmy_scarface [26/8/2012]
AdmCmd: GMX dado por dimmy_scarface [26/8/2012]
AdmCmd: GMX dado por dimmy_scarface [26/8/2012]
AdmCmd: GMX dado por dimmy_scarface [26/8/2012]
AdmCmd: GMX dado por dimmy_scarface [26/8/2012]
AdmCmd: GMX dado por dimmy_scarface [26/8/2012]
AdmCmd: GMX dado por dimmy_scarface [26/8/2012]
AdmCmd: GMX dado por dimmy_scarface [26/8/2012]
AdmCmd: GMX dado por dimmy_scarface [26/8/2012]
AdmCmd: GMX dado por dimmy_scarface [26/8/2012]
AdmCmd: GMX dado por dimmy_scarface [26/8/2012]
AdmCmd: GMX dado por dimmy_scarface [26/8/2012]
AdmCmd: GMX dado por dimmy_scarface [26/8/2012]
AdmCmd: GMX dado por dimmy_scarface [26/8/2012]
AdmCmd: GMX dado por dimmy_scarface [27/8/2012]
AdmCmd: GMX dado por dimmy_scarface [27/8/2012]
AdmCmd: GMX dado por dimmy_scarface [27/8/2012]
AdmCmd: GMX dado por dimmy_scarface [27/8/2012]
AdmCmd: GMX dado por dimmy_scarface [27/8/2012]
AdmCmd: GMX dado por dimmy_scarface [27/8/2012]
AdmCmd: GMX dado por dimmy_scarface [27/8/2012]
AdmCmd: GMX dado por dimmy_scarface [27/8/2012]
AdmCmd: GMX dado por dimmy_scarface [27/8/2012]
AdmCmd: GMX dado por dimmy_scarface [27/8/2012]
AdmCmd: GMX dado por dimmy_scarface [27/8/2012]
AdmCmd: GMX dado por dimmy_scarface [27/8/2012]
AdmCmd: GMX dado por dimmy_scarface [27/8/2012]
AdmCmd: GMX dado por dimmy_scarface [27/8/2012]
AdmCmd: GMX dado por dimmy_scarface [27/8/2012]
AdmCmd: GMX dado por dimmy_scarface [27/8/2012]
AdmCmd: GMX dado por dimmy_scarface [28/8/2012]
AdmCmd: GMX dado por dimmy_scarface [28/8/2012]
AdmCmd: GMX dado por dimmy_scarface [28/8/2012]
AdmCmd: GMX dado por dimmy_scarface [28/8/2012]
AdmCmd: GMX dado por dimmy_scarface [28/8/2012]
AdmCmd: GMX dado por dimmy_scarface [28/8/2012]
AdmCmd: GMX dado por dimmy_scarface [28/8/2012]
AdmCmd: GMX dado por dimmy_scarface [28/8/2012]
AdmCmd: GMX dado por dimmy_scarface [28/8/2012]
AdmCmd: GMX dado por dimmy_scarface [28/8/2012]
AdmCmd: GMX dado por dimmy_scarface [28/8/2012]
AdmCmd: GMX dado por dimmy_scarface [28/8/2012]
AdmCmd: GMX dado por dimmy_scarface [28/8/2012]
AdmCmd: GMX dado por dimmy_scarface [28/8/2012]
AdmCmd: GMX dado por dimmy_scarface [28/8/2012]
AdmCmd: GMX dado por dimmy_scarface [28/8/2012]
AdmCmd: GMX dado por dimmy_scarface [29/8/2012]
AdmCmd: GMX dado por dimmy_scarface [29/8/2012]
AdmCmd: GMX dado por dimmy_scarface [29/8/2012]
AdmCmd: GMX dado por dimmy_scarface [29/8/2012]
AdmCmd: GMX dado por dimmy_scarface [29/8/2012]
AdmCmd: GMX dado por dimmy_scarface [29/8/2012]
AdmCmd: GMX dado por dimmy_scarface [29/8/2012]
AdmCmd: GMX dado por dimmy_scarface [29/8/2012]
AdmCmd: GMX dado por dimmy_scarface [29/8/2012]
AdmCmd: GMX dado por dimmy_scarface [29/8/2012]
AdmCmd: GMX dado por dimmy_scarface [29/8/2012]
AdmCmd: GMX dado por dimmy_scarface [29/8/2012]
AdmCmd: GMX dado por dimmy_scarface [29/8/2012]
AdmCmd: GMX dado por dimmy_scarface [29/8/2012]
AdmCmd: GMX dado por dimmy_scarface [29/8/2012]
AdmCmd: GMX dado por dimmy_scarface [29/8/2012]
AdmCmd: GMX dado por dimmy_scarface [29/8/2012]
AdmCmd: GMX dado por dimmy_scarface [29/8/2012]
AdmCmd: GMX dado por dimmy_scarface [29/8/2012]
AdmCmd: GMX dado por dimmy_scarface [30/8/2012]
AdmCmd: GMX dado por dimmy_scarface [30/8/2012]
AdmCmd: GMX dado por dimmy_scarface [30/8/2012]
AdmCmd: GMX dado por dimmy_scarface [31/8/2012]
AdmCmd: GMX dado por dimmy_scarface [31/8/2012]
AdmCmd: GMX dado por dimmy_scarface [31/8/2012]
AdmCmd: GMX dado por dimmy_scarface [31/8/2012]
AdmCmd: GMX dado por dimmy_scarface [31/8/2012]
AdmCmd: GMX dado por dimmy_scarface [31/8/2012]
AdmCmd: GMX dado por dimmy_scarface [31/8/2012]
AdmCmd: GMX dado por dimmy_scarface [31/8/2012]
AdmCmd: GMX dado por dimmy_scarface [31/8/2012]
AdmCmd: GMX dado por dimmy_scarface [31/8/2012]
AdmCmd: GMX dado por dimmy_scarface [31/8/2012]
AdmCmd: GMX dado por dimmy_scarface [31/8/2012]
AdmCmd: GMX dado por dimmy_scarface [31/8/2012]
AdmCmd: GMX dado por dimmy_scarface [31/8/2012]
AdmCmd: GMX dado por dimmy_scarface [31/8/2012]
AdmCmd: GMX dado por dimmy_scarface [31/8/2012]
AdmCmd: GMX dado por dimmy_scarface [31/8/2012]
AdmCmd: GMX dado por dimmy_scarface [31/8/2012]
AdmCmd: GMX dado por dimmy_scarface [31/8/2012]
AdmCmd: GMX dado por dimmy_scarface [31/8/2012]
AdmCmd: GMX dado por dimmy_scarface [2/9/2012]
AdmCmd: GMX dado por dimmy_scarface [2/9/2012]
AdmCmd: GMX dado por dimmy_scarface [2/9/2012]
AdmCmd: GMX dado por dimmy_scarface [2/9/2012]
AdmCmd: GMX dado por dimmy_scarface [2/9/2012]
AdmCmd: GMX dado por dimmy_scarface [2/9/2012]
AdmCmd: GMX dado por dimmy_scarface [2/9/2012]
AdmCmd: GMX dado por dimmy_scarface [2/9/2012]
AdmCmd: GMX dado por dimmy_scarface [2/9/2012]
AdmCmd: GMX dado por dimmy_scarface [2/9/2012]
AdmCmd: GMX dado por dimmy_scarface [2/9/2012]
AdmCmd: GMX dado por dimmy_scarface [2/9/2012]
AdmCmd: GMX dado por dimmy_scarface [2/9/2012]
AdmCmd: GMX dado por dimmy_scarface [2/9/2012]
AdmCmd: GMX dado por dimmy_scarface [2/9/2012]
AdmCmd: GMX dado por dimmy_scarface [2/9/2012]
AdmCmd: GMX dado por dimmy_scarface [2/9/2012]
AdmCmd: GMX dado por dimmy_scarface [2/9/2012]
AdmCmd: GMX dado por dimmy_scarface [2/9/2012]
AdmCmd: GMX dado por dimmy_scarface [2/9/2012]
AdmCmd: GMX dado por dimmy_scarface [2/9/2012]
AdmCmd: GMX dado por dimmy_scarface [2/9/2012]
AdmCmd: GMX dado por dimmy_scarface [2/9/2012]
AdmCmd: GMX dado por dimmy_scarface [2/9/2012]
AdmCmd: GMX dado por dimmy_scarface [2/9/2012]
AdmCmd: GMX dado por dimmy_scarface [2/9/2012]
AdmCmd: GMX dado por dimmy_scarface [2/9/2012]
AdmCmd: GMX dado por dimmy_scarface [2/9/2012]
AdmCmd: GMX dado por dimmy_scarface [2/9/2012]
AdmCmd: GMX dado por dimmy_scarface [2/9/2012]
AdmCmd: GMX dado por dimmy_scarface [2/9/2012]
AdmCmd: GMX dado por dimmy_scarface [2/9/2012]
AdmCmd: GMX dado por dimmy_scarface [2/9/2012]
AdmCmd: GMX dado por dimmy_scarface [2/9/2012]
AdmCmd: GMX dado por dimmy_scarface [2/9/2012]
AdmCmd: GMX dado por dimmy_scarface [2/9/2012]
AdmCmd: GMX dado por dimmy_scarface [2/9/2012]
AdmCmd: GMX dado por dimmy_scarface [2/9/2012]
AdmCmd: GMX dado por dimmy_scarface [3/9/2012]
AdmCmd: GMX dado por dimmy_scarface [3/9/2012]
AdmCmd: GMX dado por dimmy_scarface [3/9/2012]
AdmCmd: GMX dado por dimmy_scarface [3/9/2012]
AdmCmd: GMX dado por dimmy_scarface [3/9/2012]
AdmCmd: GMX dado por dimmy_scarface [3/9/2012]
AdmCmd: GMX dado por dimmy_scarface [3/9/2012]
AdmCmd: GMX dado por dimmy_scarface [3/9/2012]
AdmCmd: GMX dado por dimmy_scarface [3/9/2012]
AdmCmd: GMX dado por dimmy_scarface [3/9/2012]
AdmCmd: GMX dado por dimmy_scarface [3/9/2012]
AdmCmd: GMX dado por dimmy_scarface [3/9/2012]
AdmCmd: GMX dado por dimmy_scarface [3/9/2012]
AdmCmd: GMX dado por dimmy_scarface [3/9/2012]
AdmCmd: GMX dado por dimmy_scarface [3/9/2012]
AdmCmd: GMX dado por dimmy_scarface [3/9/2012]
AdmCmd: GMX dado por dimmy_scarface [3/9/2012]
AdmCmd: GMX dado por dimmy_scarface [3/9/2012]
AdmCmd: GMX dado por dimmy_scarface [3/9/2012]
AdmCmd: GMX dado por dimmy_scarface [3/9/2012]
AdmCmd: GMX dado por dimmy_scarface [3/9/2012]
AdmCmd: GMX dado por dimmy_scarface [3/9/2012]
AdmCmd: GMX dado por dimmy_scarface [3/9/2012]
AdmCmd: GMX dado por dimmy_scarface [3/9/2012]
AdmCmd: GMX dado por dimmy_scarface [3/9/2012]
AdmCmd: GMX dado por dimmy_scarface [3/9/2012]
AdmCmd: GMX dado por dimmy_scarface [3/9/2012]
AdmCmd: GMX dado por dimmy_scarface [3/9/2012]
AdmCmd: GMX dado por dimmy_scarface [3/9/2012]
AdmCmd: GMX dado por dimmy_scarface [3/9/2012]
AdmCmd: GMX dado por dimmy_scarface [3/9/2012]
AdmCmd: GMX dado por dimmy_scarface [3/9/2012]
AdmCmd: GMX dado por dimmy_scarface [3/9/2012]
AdmCmd: GMX dado por dimmy_scarface [4/9/2012]
AdmCmd: GMX dado por dimmy_scarface [4/9/2012]
AdmCmd: GMX dado por dimmy_scarface [4/9/2012]
AdmCmd: GMX dado por dimmy_scarface [4/9/2012]
AdmCmd: GMX dado por dimmy_scarface [4/9/2012]
AdmCmd: GMX dado por dimmy_scarface [4/9/2012]
AdmCmd: GMX dado por dimmy_scarface [4/9/2012]
AdmCmd: GMX dado por dimmy_scarface [4/9/2012]
AdmCmd: GMX dado por dimmy_scarface [4/9/2012]
AdmCmd: GMX dado por dimmy_scarface [4/9/2012]
AdmCmd: GMX dado por dimmy_scarface [4/9/2012]
AdmCmd: GMX dado por dimmy_scarface [4/9/2012]
AdmCmd: GMX dado por dimmy_scarface [4/9/2012]
AdmCmd: GMX dado por dimmy_scarface [4/9/2012]
AdmCmd: GMX dado por dimmy_scarface [4/9/2012]
AdmCmd: GMX dado por dimmy_scarface [4/9/2012]
AdmCmd: GMX dado por dimmy_scarface [4/9/2012]
AdmCmd: GMX dado por dimmy_scarface [4/9/2012]
AdmCmd: GMX dado por dimmy_scarface [4/9/2012]
AdmCmd: GMX dado por dimmy_scarface [4/9/2012]
AdmCmd: GMX dado por dimmy_scarface [4/9/2012]
AdmCmd: GMX dado por dimmy_scarface [4/9/2012]
AdmCmd: GMX dado por dimmy_scarface [4/9/2012]
AdmCmd: GMX dado por dimmy_scarface [4/9/2012]
AdmCmd: GMX dado por dimmy_scarface [4/9/2012]
AdmCmd: GMX dado por dimmy_scarface [4/9/2012]
AdmCmd: GMX dado por dimmy_scarface [4/9/2012]
AdmCmd: GMX dado por dimmy_scarface [4/9/2012]
AdmCmd: GMX dado por dimmy_scarface [4/9/2012]
AdmCmd: GMX dado por dimmy_scarface [4/9/2012]
AdmCmd: GMX dado por dimmy_scarface [4/9/2012]
AdmCmd: GMX dado por dimmy_scarface [4/9/2012]
AdmCmd: GMX dado por dimmy_scarface [5/9/2012]
AdmCmd: GMX dado por dimmy_scarface [5/9/2012]
AdmCmd: GMX dado por dimmy_scarface [5/9/2012]
AdmCmd: GMX dado por dimmy_scarface [5/9/2012]
AdmCmd: GMX dado por dimmy_scarface [5/9/2012]
AdmCmd: GMX dado por dimmy_scarface [5/9/2012]
AdmCmd: GMX dado por dimmy_scarface [5/9/2012]
AdmCmd: GMX dado por dimmy_scarface [5/9/2012]
AdmCmd: GMX dado por dimmy_scarface [5/9/2012]
AdmCmd: GMX dado por dimmy_scarface [6/9/2012]
AdmCmd: GMX dado por dimmy_scarface [6/9/2012]
AdmCmd: GMX dado por dimmy_scarface [6/9/2012]
AdmCmd: GMX dado por dimmy_scarface [6/9/2012]
AdmCmd: GMX dado por dimmy_scarface [6/9/2012]
AdmCmd: GMX dado por dimmy_scarface [6/9/2012]
AdmCmd: GMX dado por dimmy_scarface [7/9/2012]
AdmCmd: GMX dado por dimmy_scarface [7/9/2012]
AdmCmd: GMX dado por dimmy_scarface [7/9/2012]
AdmCmd: GMX dado por dimmy_scarface [7/9/2012]
AdmCmd: GMX dado por dimmy_scarface [7/9/2012]
AdmCmd: GMX dado por dimmy_scarface [7/9/2012]
AdmCmd: GMX dado por dimmy_scarface [7/9/2012]
AdmCmd: GMX dado por dimmy_scarface [7/9/2012]
AdmCmd: GMX dado por dimmy_scarface [7/9/2012]
AdmCmd: GMX dado por dimmy_scarface [8/9/2012]
AdmCmd: GMX dado por dimmy_scarface [8/9/2012]
AdmCmd: GMX dado por dimmy_scarface [8/9/2012]
AdmCmd: GMX dado por dimmy_scarface [8/9/2012]
AdmCmd: GMX dado por dimmy_scarface [8/9/2012]
AdmCmd: GMX dado por dimmy_scarface [8/9/2012]
AdmCmd: GMX dado por dimmy_scarface [8/9/2012]
AdmCmd: GMX dado por dimmy_scarface [8/9/2012]
AdmCmd: GMX dado por dimmy_scarface [8/9/2012]
AdmCmd: GMX dado por dimmy_scarface [8/9/2012]
AdmCmd: GMX dado por dimmy_scarface [9/9/2012]
AdmCmd: GMX dado por dimmy_scarface [10/9/2012]
AdmCmd: GMX dado por dimmy_scarface [11/9/2012]
AdmCmd: GMX dado por dimmy_scarface [11/9/2012]
AdmCmd: GMX dado por dimmy_scarface [11/9/2012]
AdmCmd: GMX dado por dimmy_scarface [11/9/2012]
AdmCmd: GMX dado por dimmy_scarface [11/9/2012]
AdmCmd: GMX dado por dimmy_scarface [11/9/2012]
AdmCmd: GMX dado por dimmy_scarface [11/9/2012]
AdmCmd: GMX dado por dimmy_scarface [11/9/2012]
AdmCmd: GMX dado por dimmy_scarface [11/9/2012]
AdmCmd: GMX dado por dimmy_scarface [15/9/2012]
AdmCmd: GMX dado por dimmy_scarface [15/9/2012]
AdmCmd: GMX dado por dimmy_scarface [15/9/2012]
AdmCmd: GMX dado por dimmy_scarface [15/9/2012]
AdmCmd: GMX dado por dimmy_scarface [15/9/2012]
AdmCmd: GMX dado por dimmy_scarface [15/9/2012]
AdmCmd: GMX dado por dimmy_scarface [16/9/2012]
AdmCmd: GMX dado por dimmy_scarface [16/9/2012]
AdmCmd: GMX dado por dimmy_scarface [8/9/2012]
AdmCmd: GMX dado por dimmy_scarface [8/9/2012]
AdmCmd: GMX dado por dimmy_scarface [8/9/2012]
AdmCmd: GMX dado por dimmy_scarface [8/9/2012]
AdmCmd: GMX dado por dimmy_scarface [8/9/2012]
AdmCmd: GMX dado por dimmy_scarface [8/9/2012]
AdmCmd: GMX dado por dimmy_scarface [8/9/2012]
AdmCmd: GMX dado por dimmy_scarface [8/9/2012]
AdmCmd: GMX dado por dimmy_scarface [8/9/2012]
AdmCmd: GMX dado por dimmy_scarface [8/9/2012]
AdmCmd: GMX dado por dimmy_scarface [8/9/2012]
AdmCmd: GMX dado por dimmy_scarface [8/9/2012]
AdmCmd: GMX dado por dimmy_scarface [8/9/2012]
AdmCmd: GMX dado por dimmy_scarface [8/9/2012]
AdmCmd: GMX dado por dimmy_scarface [8/9/2012]
AdmCmd: GMX dado por dimmy_scarface [8/9/2012]
AdmCmd: GMX dado por dimmy_scarface [8/9/2012]
AdmCmd: GMX dado por dimmy_scarface [8/9/2012]
AdmCmd: GMX dado por dimmy_scarface [8/9/2012]
AdmCmd: GMX dado por dimmy_scarface [8/9/2012]
AdmCmd: GMX dado por dimmy_scarface [8/9/2012]
AdmCmd: GMX dado por dimmy_scarface [8/9/2012]
AdmCmd: GMX dado por dimmy_scarface [8/9/2012]
AdmCmd: GMX dado por dimmy_scarface [8/9/2012]
AdmCmd: GMX dado por dimmy_scarface [8/9/2012]
AdmCmd: GMX dado por dimmy_scarface [8/9/2012]
AdmCmd: GMX dado por dimmy_scarface [8/9/2012]
AdmCmd: GMX dado por dimmy_scarface [8/9/2012]
AdmCmd: GMX dado por dimmy_scarface [8/9/2012]
AdmCmd: GMX dado por dimmy_scarface [8/9/2012]
AdmCmd: GMX dado por dimmy_scarface [8/9/2012]
AdmCmd: GMX dado por dimmy_scarface [8/9/2012]
AdmCmd: GMX dado por dimmy_scarface [8/9/2012]
AdmCmd: GMX dado por dimmy_scarface [8/9/2012]
AdmCmd: GMX dado por dimmy_scarface [8/9/2012]
AdmCmd: GMX dado por dimmy_scarface [8/9/2012]
AdmCmd: GMX dado por dimmy_scarface [8/9/2012]
AdmCmd: GMX dado por dimmy_scarface [8/9/2012]
AdmCmd: GMX dado por dimmy_scarface [8/9/2012]
AdmCmd: GMX dado por dimmy_scarface [8/9/2012]
AdmCmd: GMX dado por dimmy_scarface [8/9/2012]
AdmCmd: GMX dado por dimmy_scarface [8/9/2012]
AdmCmd: GMX dado por dimmy_scarface [8/9/2012]
AdmCmd: GMX dado por dimmy_scarface [8/9/2012]
AdmCmd: GMX dado por dimmy_scarface [8/9/2012]
AdmCmd: GMX dado por dimmy_scarface [8/9/2012]
AdmCmd: GMX dado por dimmy_scarface [8/9/2012]
AdmCmd: GMX dado por dimmy_scarface [8/9/2012]
AdmCmd: GMX dado por dimmy_scarface [9/9/2012]
AdmCmd: GMX dado por dimmy_scarface [9/9/2012]
AdmCmd: GMX dado por dimmy_scarface [9/9/2012]
AdmCmd: GMX dado por dimmy_scarface [9/9/2012]
AdmCmd: GMX dado por dimmy_scarface [9/9/2012]
AdmCmd: GMX dado por dimmy_scarface [9/9/2012]
AdmCmd: GMX dado por dimmy_scarface [9/9/2012]
AdmCmd: GMX dado por dimmy_scarface [9/9/2012]
AdmCmd: GMX dado por dimmy_scarface [9/9/2012]
AdmCmd: GMX dado por dimmy_scarface [9/9/2012]
AdmCmd: GMX dado por dimmy_scarface [9/9/2012]
AdmCmd: GMX dado por dimmy_scarface [10/9/2012]
AdmCmd: GMX dado por dimmy_scarface [10/9/2012]
AdmCmd: GMX dado por dimmy_scarface [10/9/2012]
AdmCmd: GMX dado por dimmy_scarface [10/9/2012]
AdmCmd: GMX dado por dimmy_scarface [10/9/2012]
AdmCmd: GMX dado por dimmy_scarface [10/9/2012]
AdmCmd: GMX dado por dimmy_scarface [10/9/2012]
AdmCmd: GMX dado por dimmy_scarface [10/9/2012]
AdmCmd: GMX dado por dimmy_scarface [10/9/2012]
AdmCmd: GMX dado por dimmy_scarface [10/9/2012]
AdmCmd: GMX dado por dimmy_scarface [10/9/2012]
AdmCmd: GMX dado por dimmy_scarface [10/9/2012]
AdmCmd: GMX dado por dimmy_scarface [10/9/2012]
AdmCmd: GMX dado por dimmy_scarface [10/9/2012]
AdmCmd: GMX dado por dimmy_scarface [10/9/2012]
AdmCmd: GMX dado por dimmy_scarface [10/9/2012]
AdmCmd: GMX dado por dimmy_scarface [10/9/2012]
AdmCmd: GMX dado por dimmy_scarface [10/9/2012]
AdmCmd: GMX dado por dimmy_scarface [10/9/2012]
AdmCmd: GMX dado por dimmy_scarface [10/9/2012]
AdmCmd: GMX dado por dimmy_scarface [10/9/2012]
AdmCmd: GMX dado por dimmy_scarface [10/9/2012]
AdmCmd: GMX dado por dimmy_scarface [10/9/2012]
AdmCmd: GMX dado por dimmy_scarface [10/9/2012]
AdmCmd: GMX dado por dimmy_scarface [10/9/2012]
AdmCmd: GMX dado por dimmy_scarface [10/9/2012]
AdmCmd: GMX dado por dimmy_scarface [10/9/2012]
AdmCmd: GMX dado por dimmy_scarface [10/9/2012]
AdmCmd: GMX dado por dimmy_scarface [10/9/2012]
AdmCmd: GMX dado por dimmy_scarface [10/9/2012]
AdmCmd: GMX dado por dimmy_scarface [10/9/2012]
AdmCmd: GMX dado por dimmy_scarface [10/9/2012]
AdmCmd: GMX dado por dimmy_scarface [10/9/2012]
AdmCmd: GMX dado por dimmy_scarface [10/9/2012]
AdmCmd: GMX dado por dimmy_scarface [10/9/2012]
AdmCmd: GMX dado por dimmy_scarface [10/9/2012]
AdmCmd: GMX dado por dimmy_scarface [10/9/2012]
AdmCmd: GMX dado por dimmy_scarface [10/9/2012]
AdmCmd: GMX dado por dimmy_scarface [11/9/2012]
AdmCmd: GMX dado por dimmy_scarface [11/9/2012]
AdmCmd: GMX dado por dimmy_scarface [11/9/2012]
AdmCmd: GMX dado por dimmy_scarface [11/9/2012]
AdmCmd: GMX dado por dimmy_scarface [11/9/2012]
AdmCmd: GMX dado por dimmy_scarface [11/9/2012]
AdmCmd: GMX dado por dimmy_scarface [11/9/2012]
AdmCmd: GMX dado por dimmy_scarface [11/9/2012]
AdmCmd: GMX dado por dimmy_scarface [11/9/2012]
AdmCmd: GMX dado por dimmy_scarface [11/9/2012]
AdmCmd: GMX dado por dimmy_scarface [11/9/2012]
AdmCmd: GMX dado por dimmy_scarface [11/9/2012]
AdmCmd: GMX dado por dimmy_scarface [11/9/2012]
AdmCmd: GMX dado por dimmy_scarface [11/9/2012]
AdmCmd: GMX dado por dimmy_scarface [11/9/2012]
AdmCmd: GMX dado por dimmy_scarface [11/9/2012]
AdmCmd: GMX dado por dimmy_scarface [11/9/2012]
AdmCmd: GMX dado por dimmy_scarface [11/9/2012]
AdmCmd: GMX dado por dimmy_scarface [11/9/2012]
AdmCmd: GMX dado por dimmy_scarface [11/9/2012]
AdmCmd: GMX dado por dimmy_scarface [12/9/2012]
AdmCmd: GMX dado por dimmy_scarface [12/9/2012]
AdmCmd: GMX dado por dimmy_scarface [12/9/2012]
AdmCmd: GMX dado por dimmy_scarface [12/9/2012]
AdmCmd: GMX dado por dimmy_scarface [12/9/2012]
AdmCmd: GMX dado por dimmy_scarface [12/9/2012]
AdmCmd: GMX dado por dimmy_scarface [12/9/2012]
AdmCmd: GMX dado por dimmy_scarface [12/9/2012]
AdmCmd: GMX dado por dimmy_scarface [12/9/2012]
AdmCmd: GMX dado por dimmy_scarface [12/9/2012]
AdmCmd: GMX dado por dimmy_scarface [12/9/2012]
AdmCmd: GMX dado por dimmy_scarface [12/9/2012]
AdmCmd: GMX dado por dimmy_scarface [12/9/2012]
AdmCmd: GMX dado por dimmy_scarface [12/9/2012]
AdmCmd: GMX dado por dimmy_scarface [12/9/2012]
AdmCmd: GMX dado por dimmy_scarface [12/9/2012]
AdmCmd: GMX dado por dimmy_scarface [12/9/2012]
AdmCmd: GMX dado por dimmy_scarface [13/9/2012]
AdmCmd: GMX dado por dimmy_scarface [13/9/2012]
AdmCmd: GMX dado por dimmy_scarface [13/9/2012]
AdmCmd: GMX dado por dimmy_scarface [13/9/2012]
AdmCmd: GMX dado por dimmy_scarface [13/9/2012]
AdmCmd: GMX dado por dimmy_scarface [13/9/2012]
AdmCmd: GMX dado por dimmy_scarface [15/9/2012]
AdmCmd: GMX dado por dimmy_scarface [15/9/2012]
AdmCmd: GMX dado por dimmy_scarface [15/9/2012]
AdmCmd: GMX dado por dimmy_scarface [15/9/2012]
AdmCmd: GMX dado por dimmy_scarface [15/9/2012]
AdmCmd: GMX dado por dimmy_scarface [15/9/2012]
AdmCmd: GMX dado por dimmy_scarface [16/9/2012]
AdmCmd: GMX dado por dimmy_scarface [16/9/2012]
AdmCmd: GMX dado por dimmy_scarface [16/9/2012]
AdmCmd: GMX dado por dimmy_scarface [16/9/2012]
AdmCmd: GMX dado por dimmy_scarface [16/9/2012]
AdmCmd: GMX dado por dimmy_scarface [16/9/2012]
AdmCmd: GMX dado por dimmy_scarface [16/9/2012]
AdmCmd: GMX dado por dimmy_scarface [16/9/2012]
AdmCmd: GMX dado por dimmy_scarface [16/9/2012]
AdmCmd: GMX dado por dimmy_scarface [16/9/2012]
AdmCmd: GMX dado por dimmy_scarface [16/9/2012]
AdmCmd: GMX dado por dimmy_scarface [16/9/2012]
AdmCmd: GMX dado por dimmy_scarface [16/9/2012]
AdmCmd: GMX dado por dimmy_scarface [16/9/2012]
AdmCmd: GMX dado por dimmy_scarface [16/9/2012]
AdmCmd: GMX dado por dimmy_scarface [16/9/2012]
AdmCmd: GMX dado por dimmy_scarface [17/9/2012]
AdmCmd: GMX dado por dimmy_scarface [17/9/2012]
AdmCmd: GMX dado por dimmy_scarface [17/9/2012]
AdmCmd: GMX dado por dimmy_scarface [17/9/2012]
AdmCmd: GMX dado por dimmy_scarface [17/9/2012]
AdmCmd: GMX dado por dimmy_scarface [18/9/2012]
AdmCmd: GMX dado por dimmy_scarface [18/9/2012]
AdmCmd: GMX dado por dimmy_scarface [18/9/2012]
AdmCmd: GMX dado por dimmy_scarface [18/9/2012]
AdmCmd: GMX dado por dimmy_scarface [18/9/2012]
AdmCmd: GMX dado por dimmy_scarface [18/9/2012]
AdmCmd: GMX dado por dimmy_scarface [18/9/2012]
AdmCmd: GMX dado por dimmy_scarface [18/9/2012]
AdmCmd: GMX dado por dimmy_scarface [18/9/2012]
AdmCmd: GMX dado por dimmy_scarface [18/9/2012]
AdmCmd: GMX dado por dimmy_scarface [18/9/2012]
AdmCmd: GMX dado por dimmy_scarface [18/9/2012]
AdmCmd: GMX dado por dimmy_scarface [24/9/2012]
AdmCmd: GMX dado por dimmy_scarface [24/9/2012]
AdmCmd: GMX dado por dimmy_scarface [24/9/2012]
AdmCmd: GMX dado por dimmy_scarface [24/9/2012]
AdmCmd: GMX dado por dimmy_scarface [24/9/2012]
AdmCmd: GMX dado por dimmy_scarface [18/9/2012]
AdmCmd: GMX dado por dimmy_scarface [18/9/2012]
AdmCmd: GMX dado por dimmy_scarface [19/9/2012]
AdmCmd: GMX dado por dimmy_scarface [19/9/2012]
AdmCmd: GMX dado por dimmy_scarface [19/9/2012]
AdmCmd: GMX dado por dimmy_scarface [19/9/2012]
AdmCmd: GMX dado por dimmy_scarface [19/9/2012]
AdmCmd: GMX dado por dimmy_scarface [19/9/2012]
AdmCmd: GMX dado por dimmy_scarface [19/9/2012]
AdmCmd: GMX dado por dimmy_scarface [20/9/2012]
AdmCmd: GMX dado por dimmy_scarface [20/9/2012]
AdmCmd: GMX dado por dimmy_scarface [20/9/2012]
AdmCmd: GMX dado por dimmy_scarface [21/9/2012]
AdmCmd: GMX dado por dimmy_scarface [21/9/2012]
AdmCmd: GMX dado por dimmy_scarface [21/9/2012]
AdmCmd: GMX dado por dimmy_scarface [22/9/2012]
AdmCmd: GMX dado por dimmy_scarface [22/9/2012]
AdmCmd: GMX dado por dimmy_scarface [23/9/2012]
AdmCmd: GMX dado por dimmy_scarface [23/9/2012]
AdmCmd: GMX dado por dimmy_scarface [23/9/2012]
AdmCmd: GMX dado por dimmy_scarface [28/9/2012]
AdmCmd: GMX dado por dimmy_scarface [29/9/2012]
AdmCmd: GMX dado por jadson_scarface [29/9/2012]
AdmCmd: GMX dado por dimmy_scarface [3/10/2012]
AdmCmd: GMX dado por dimmy_scarface [3/10/2012]
AdmCmd: GMX dado por dimmy_scarface [3/10/2012]
AdmCmd: GMX dado por dimmy_scarface [3/10/2012]
AdmCmd: GMX dado por dimmy_scarface [3/10/2012]
AdmCmd: GMX dado por dimmy_scarface [3/10/2012]
AdmCmd: GMX dado por dimmy_scarface [3/10/2012]
AdmCmd: GMX dado por dimmy_scarface [4/10/2012]
AdmCmd: GMX dado por dimmy_scarface [4/10/2012]
AdmCmd: GMX dado por dimmy_scarface [4/10/2012]
AdmCmd: GMX dado por dimmy_scarface [4/10/2012]
AdmCmd: GMX dado por dimmy_scarface [4/10/2012]
AdmCmd: GMX dado por dimmy_scarface [4/10/2012]
AdmCmd: GMX dado por dimmy_scarface [4/10/2012]
AdmCmd: GMX dado por dimmy_scarface [4/10/2012]
AdmCmd: GMX dado por dimmy_scarface [4/10/2012]
AdmCmd: GMX dado por dimmy_scarface [5/10/2012]
AdmCmd: GMX dado por dimmy_scarface [5/10/2012]
AdmCmd: GMX dado por dimmy_scarface [5/10/2012]
AdmCmd: GMX dado por dimmy_scarface [5/10/2012]
AdmCmd: GMX dado por dimmy_scarface [5/10/2012]
AdmCmd: GMX dado por dimmy_scarface [6/10/2012]
AdmCmd: GMX dado por dimmy_scarface [6/10/2012]
AdmCmd: GMX dado por dimmy_scarface [6/10/2012]
AdmCmd: GMX dado por dimmy_scarface [6/10/2012]
AdmCmd: GMX dado por dimmy_scarface [6/10/2012]
AdmCmd: GMX dado por dimmy_scarface [6/10/2012]
AdmCmd: GMX dado por dimmy_scarface [7/10/2012]
AdmCmd: GMX dado por dimmy_scarface [7/10/2012]
AdmCmd: GMX dado por dimmy_scarface [7/10/2012]
AdmCmd: GMX dado por dimmy_scarface [7/10/2012]
AdmCmd: GMX dado por dimmy_scarface [7/10/2012]
AdmCmd: GMX dado por dimmy_scarface [7/10/2012]
AdmCmd: GMX dado por dimmy_scarface [7/10/2012]
AdmCmd: GMX dado por dimmy_scarface [7/10/2012]
AdmCmd: GMX dado por dimmy_scarface [7/10/2012]
AdmCmd: GMX dado por dimmy_scarface [7/10/2012]
AdmCmd: GMX dado por dimmy_scarface [7/10/2012]
AdmCmd: GMX dado por dimmy_scarface [7/10/2012]
AdmCmd: GMX dado por dimmy_scarface [7/10/2012]
AdmCmd: GMX dado por dimmy_scarface [7/10/2012]
AdmCmd: GMX dado por dimmy_scarface [8/10/2012]
AdmCmd: GMX dado por dimmy_scarface [8/10/2012]
AdmCmd: GMX dado por dimmy_scarface [8/10/2012]
AdmCmd: GMX dado por dimmy_scarface [8/10/2012]
AdmCmd: GMX dado por dimmy_scarface [8/10/2012]
AdmCmd: GMX dado por dimmy_scarfacek [8/10/2012]
AdmCmd: GMX dado por dimmy_scarface [8/10/2012]
AdmCmd: GMX dado por dimmy_scarface [8/10/2012]
AdmCmd: GMX dado por dimmy_scarface [8/10/2012]
AdmCmd: GMX dado por dimmy_scarface AdmCmd: GMX dado por Liince_Rosse [8/10/2012]
AdmCmd: GMX dado por Liince_Rosse [8/10/2012]
AdmCmd: GMX dado por Liince_Rosse [8/10/2012]
AdmCmd: GMX dado por Liince_Rosse [8/10/2012]
AdmCmd: GMX dado por Liince_Rosse [9/10/2012]
AdmCmd: GMX dado por Liince_Rosse [9/10/2012]
AdmCmd: GMX dado por dimmy_scarface [10/10/2012]
AdmCmd: GMX dado por dimmy_scarface [10/10/2012]
AdmCmd: GMX dado por dimmy_scarface [10/10/2012]
AdmCmd: GMX dado por dimmy_scarface [10/10/2012]
AdmCmd: GMX dado por dimmy_scarface [10/10/2012]
AdmCmd: GMX dado por dimmy_scarface [14/10/2012]
AdmCmd: GMX dado por dimmy_scarface [14/10/2012]
AdmCmd: GMX dado por dimmy_scarface [14/10/2012]
AdmCmd: GMX dado por dimmy_scarface [14/10/2012]
AdmCmd: GMX dado por dimmy_scarface [14/10/2012]
AdmCmd: GMX dado por jadson_scarface [16/10/2012]
AdmCmd: GMX dado por dimmy_scarface [16/10/2012]
AdmCmd: GMX dado por dimmy_scarface [16/10/2012]
AdmCmd: GMX dado por dimmy_scarface [16/10/2012]
AdmCmd: GMX dado por dimmy_scarface [17/10/2012]
AdmCmd: GMX dado por dimmy_scarface [17/10/2012]
AdmCmd: GMX dado por dimmy_scarface [21/10/2012]
AdmCmd: GMX dado por Sun_xD [22/10/2012]
AdmCmd: GMX dado por Sun_xD [22/10/2012]
AdmCmd: GMX dado por Sun_xD [22/10/2012]
AdmCmd: GMX dado por Sun_xD [22/10/2012]
