AdmCmd: dimmy_scarface foi kickado por dimmy_scarface, Motivo: oi (31-5-2012)
AdmCmd: dimmy_scarface foi kickado por dimmy_scarface, Motivo: oi (2-6-2012)
AdmCmd: dimmy_scarface foi kickado por dimmy_scarface, Motivo: oi (7-6-2012)
AdmCmd: eu_XD foi kickado por dimmy_scarface, Motivo: oi (7-6-2012)
AdmCmd: GogO_BooY foi kickado por dimmy_scarface, Motivo: oi (12-6-2012)
AdmCmd: Bailarina_Sexy foi kickado por dimmy_scarface, Motivo: sz (12-6-2012)
AdmCmd: dimmy_scarface foi kickado por dimmy_scarface, Motivo: . (8-7-2012)
AdmCmd: dimmy_scarface foi kickado por dimmy_scarface, Motivo: Té + (10-7-2012)
AdmCmd: jadson_scarface foi kickado por jadson_scarface, Motivo: flw (12-7-2012)
AdmCmd: dimmy_scarface foi kickado por dimmy_scarface, Motivo: Motivo:Motivo:Motivo:Motivo:Motivo: (21-7-2012)
AdmCmd: dimmy_scarface foi kickado por dimmy_scarface, Motivo: AIRBREAK / TELEPORT (3-8-2012)
AdmCmd: X1_BOM foi kickado por dimmy_scarface, Motivo: 0 (8-8-2012)
AdmCmd: X1_BOM foi kickado por dimmy_scarface, Motivo: . (8-8-2012)
AdmCmd: X1_BOM foi kickado por dimmy_scarface, Motivo: x (8-8-2012)
AdmCmd: X1_BOM foi kickado por dimmy_scarface, Motivo: XxX (8-8-2012)
AdmCmd: X1_BOM foi kickado por dimmy_scarface, Motivo: x (11-8-2012)
AdmCmd: dimmy_scarface foi kickado por dimmy_scarface, Motivo: . (11-8-2012)
AdmCmd: dimmy_scarface foi kickado por dimmy_scarface, Motivo: OoOoO (26-8-2012)
AdmCmd: dimmy_scarface foi kickado por dimmy_scarface, Motivo: uhuhsuahsau (27-8-2012)
AdmCmd: dimmy_scarface foi kickado por dimmy_scarface, Motivo: T+ (27-8-2012)
AdmCmd: dimmy_scarface foi kickado por dimmy_scarface, Motivo: oioi (29-8-2012)
AdmCmd: dimmy_scarface foi kickado por dimmy_scarface, Motivo: oi (10-9-2012)
AdmCmd: dimmy_scarface foi kickado por dimmy_scarface, Motivo: 0 (9-9-2012)
AdmCmd: dimmy_scarface foi kickado por dimmy_scarface, Motivo: t (9-9-2012)
AdmCmd: X1_BOM foi kickado por dimmy_scarface, Motivo: 0 (13-9-2012)
AdmCmd: X1_BOM foi kickado por dimmy_scarface, Motivo: 1 (13-9-2012)
AdmCmd: X1_BOM foi kickado por dimmy_scarface, Motivo: hyffgbyhvdhfvjkgvajjfvajvjkvfjavjavfjvfgjvgjavjavvdhagwahwfdcha (13-9-20AdmCmd: X1_BOM foi kickado por dimmy_scarface, Motivo: 1 (16-9-2012)
AdmCmd: X1_BOM foi kickado por dimmy_scarface, Motivo: nb (16-9-2012)
AdmCmd: X1_BOM foi kickado por dimmy_scarface, Motivo: 1 (16-9-2012)
AdmCmd: X1_BOM foi kickado por dimmy_scarface, Motivo: 1 (19-9-2012)
AdmCmd: Sun_xD foi kickado por Sun_xD, Motivo: teste (22-10-2012)
