PLAYER: dimmy_scarface pediu contas de lider da org:[Civil]
ADMIN: dimmy_scarface deu líder da org:[Civil] para dimmy_scarface.
PLAYER: dimmy_scarface pediu contas de lider da org:[Civil]
ADMIN: dimmy_scarface deu líder da org:[Civil] para dimmy_scarface.
PLAYER: dimmy_scarface pediu contas de lider da org:[Civil]
PLAYER: dimmy_scarface pediu contas de lider da org:[Civil]
ADMIN: dimmy_scarface deu líder da org:[Civil] para dimmy_scarface.
ADMIN: jadson_scarface deu líder da org:[Civil] para jadson_scarface.
PLAYER: jadson_scarface pediu contas de lider da org:[Civil]
ADMIN: jadson_scarface deu líder da org:[Civil] para jadson_scarface.
PLAYER: jadson_scarface pediu contas de lider da org:[Civil]
ADMIN: jadson_scarface deu líder da org:[Civil] para jadson_scarface.
PLAYER: jadson_scarface pediu contas de lider da org:[Civil]
ADMIN: jadson_scarface deu líder da org:[Civil] para jadson_scarface.
PLAYER: jadson_scarface pediu contas de lider da org:[Civil]
ADMIN: jadson_scarface deu líder da org:[Civil] para jadson_scarface.
PLAYER: jadson_scarface pediu contas de lider da org:[Civil]
ADMIN: jadson_scarface limpou a vaga 6 do líder dimmy_scarfacebm
ADMIN: jadson_scarface deu líder da org:[Civil] para jadson_scarface.
PLAYER: jadson_scarface pediu contas de lider da org:[Civil]
ADMIN: jadson_scarface deu líder da org:[Civil] para jadson_scarface.
PLAYER: jadson_scarface pediu contas de lider da org:[Civil]
ADMIN: jadson_scarface deu líder da org:[Civil] para jadson_scarface.
PLAYER: jadson_scarface pediu contas de lider da org:[Civil]
ADMIN: jadson_scarface deu líder da org:[Civil] para jadson_scarface.
PLAYER: jadson_scarface pediu contas de lider da org:[Civil]
ADMIN: jadson_scarface deu líder da org:[Civil] para jadson_scarface.
PLAYER: jadson_scarface pediu contas de lider da org:[Civil]
ADMIN: jadson_scarface deu líder da org:[Civil] para jadson_scarface.
PLAYER: jadson_scarface pediu contas de lider da org:[Civil]
ADMIN: jadson_scarface deu líder da org:[Civil] para jadson_scarface.
PLAYER: jadson_scarface pediu contas de lider da org:[Civil]
ADMIN: jadson_scarface deu líder da org:[Civil] para jadson_scarface.
PLAYER: jadson_scarface pediu contas de lider da org:[Civil]
ADMIN: jadson_scarface deu líder da org:[Civil] para jadson_scarface.
PLAYER: jadson_scarface pediu contas de lider da org:[Civil]
ADMIN: jadson_scarface deu líder da org:[Civil] para jadson_scarface.
PLAYER: dimmy_scarface pediu contas de lider da org:[Civil]
PLAYER: dimmy_scarface pediu contas de lider da org:[Civil]
ADMIN: dimmy_scarface deu líder da org:[Civil] para dimmy_scarface.
PLAYER: dimmy_scarface pediu contas de lider da org:[Civil]
ADMIN: dimmy_scarface deu líder da org:[Civil] para dimmy_scarface.
ADMIN: Ariel_Scarface deu líder da org:[Civil] para Ariel_Scarface.
PLAYER: Ariel_Scarface pediu contas de lider da org:[Civil]
PLAYER: dimmy_scarface pediu contas de lider da org:[Civil]
ADMIN: Ariel_Scarface deu líder da org:[Civil] para Ariel_Scarface.
ADMIN: dimmy_scarface deu líder da org:[Civil] para dimmy_scarface.
PLAYER: dimmy_scarface pediu contas de lider da org:[Civil]
PLAYER: dimmy_scarface pediu contas de lider da org:[Civil]
ADMIN: jadson_scarface deu líder da org:[Civil] para jadson_scarface.
PLAYER: dimmy_scarface pediu contas de lider da org:[Civil]
PLAYER: dimmy_scarface pediu contas de lider da org:[Civil]
ADMIN: dimmy_scarface deu líder da org:[Civil] para dimmy_scarface.
PLAYER: dimmy_scarface pediu contas de lider da org:[Civil]
PLAYER: dimmy_scarface pediu contas de lider da org:[Civil]
ADMIN: dimmy_scarface limpou a vaga 8 do líder jadson_scarface
ADMIN: dimmy_scarface deu líder da org:[Civil] para dimmy_scarface.
ADMIN: dimmy_scarface limpou a vaga 22 do líder Ninguem
ADMIN: dimmy_scarface deu líder da org:[Civil] para dimmy_scarface.
ADMIN: dimmy_scarface limpou a vaga 8 do líder Ninguem
PLAYER: dimmy_scarface pediu contas de lider da org:[Civil]
PLAYER: dimmy_scarface pediu contas de lider da org:[Civil]
ADMIN: dimmy_scarface deu líder da org:[Civil] para dimmy_scarface.
PLAYER: dimmy_scarface pediu contas de lider da org:[Civil]
ADMIN: dimmy_scarface deu líder da org:[Civil] para dimmy_scarface.
ADMIN: dimmy_scarface deu líder da org:[Civil] para dimmy_scarface.
