dimmy_scarface usou /dargrana em dimmy_scarface e deu 9999999
dimmy_scarface usou /dargrana em dimmy_scarface e deu 1000
dimmy_scarfacehs deu grana para Tu_xdh
dimmy_scarfacehs deu grana para Tu_xdh
dimmy_scarfacehs deu grana para Tu_xdh
dimmy_scarfacehs usou /dargrana em dimmy_scarfacehs e deu 1000000
dimmy_scarfacehs usou /dargrana em dimmy_scarfacehs e deu 10000000







































dimmy_scarface usou /setgrana em dimmy_scarface e setou 1
dimmy_scarface usou /setgrana em dimmy_scarface e setou 0
dimmy_scarface usou /setgrana em dimmy_scarface e setou 15
dimmy_scarface usou /setgrana em dimmy_scarface e setou 0
dimmy_scarface usou /setgrana em dimmy_scarface e setou 0
dimmy_scarface usou /setgrana em dimmy_scarface e setou 0









dimmy_scarface usou /setgrana em dimmy_scarface e setou 0

dimmy_scarface usou /setgrana em dimmy_scarface e setou 5000000











dimmy_scarface usou /editar banco em dimmy_scarface e setou 500000000


dimmy_scarface usou /editar banco em dimmy_scarface e setou 100000000



dimmy_scarface usou /editar banco em dimmy_scarface e setou 999999999
dimmy_scarface usou /editar banco em dimmy_scarface e setou 1410065407
dimmy_scarface usou /editar banco em dimmy_scarface e setou 999999999
dimmy_scarface usou /editar banco em dimmy_scarface e setou 1000000000
dimmy_scarface usou /editar banco em dimmy_scarface e setou 1410065408
dimmy_scarface usou /editar banco em dimmy_scarface e setou 1

dimmy_scarface usou /editar banco em dimmy_scarface e setou 100000





dimmy_scarface deu grana para dimmy_scarface
lukas_skt usou /setgrana em lukas_skt e setou 1
dimmy_scarface usou /setgrana em dimmy_scarface e setou 0
dimmy_scarface usou /setgrana em dimmy_scarface e setou 0







dimmy_scarface usou /setgrana em dimmy_scarface e setou 5000000
dimmy_scarface usou /setgrana em dimmy_scarface e setou 50000000
dimmy_scarfacehgd usou /dargrana em dimmy_scarfacehgd e deu 50000000


dimmy_scarface usou /dargrana em dimmy_scarface e deu 5000000





dimmy_scarfacehhhhh usou /dargrana em dimmy_scarfacehhhhh e deu 500000
dimmy_scarfacehhhhh usou /dargrana em dimmy_scarfacehhhhh e deu 5000000

dimmy_scafffrface usou /dargrana em dimmy_scafffrface e deu 5000000





dimmy_scarface usou /setgrana em dimmy_scarface e setou 0
dimmy_scarface usou /setgrana em dimmy_scarface e setou 0
dimmy_scarface usou /setgrana em dimmy_scarface e setou 1500000
dimmy_scarface usou /editar banco em dimmy_scarface e setou 1000000000
dimmy_scarface usou /editar banco em dimmy_scarface e setou 1500000000
dimmy_scarface usou /editar banco em dimmy_scarface e setou 2115098112
dimmy_scarface usou /editar banco em dimmy_scarface e setou 1500000000
dimmy_scarface usou /editar banco em dimmy_scarface e setou 1900000000
dimmy_scarface usou /editar banco em dimmy_scarface e setou 1990000000
dimmy_scarface usou /editar banco em dimmy_scarface e setou 1999000000
dimmy_scarface usou /editar banco em dimmy_scarface e setou 1999900000
dimmy_scarface usou /editar banco em dimmy_scarface e setou 1999990000
dimmy_scarface usou /editar banco em dimmy_scarface e setou 1999999000
dimmy_scarface usou /editar banco em dimmy_scarface e setou 1999999900
dimmy_scarface usou /editar banco em dimmy_scarface e setou 1999999990
dimmy_scarface usou /editar banco em dimmy_scarface e setou 1999999999
dimmy_scarface usou /editar banco em dimmy_scarface e setou 2000000000
dimmy_scarface usou /editar banco em dimmy_scarface e setou 2000000001
dimmy_scarface usou /editar banco em dimmy_scarface e setou 2000000009
dimmy_scarface usou /editar banco em dimmy_scarface e setou -1394967287
dimmy_scarface usou /editar banco em dimmy_scarface e setou -1494967287
dimmy_scarface usou /editar banco em dimmy_scarface e setou 2100000009
dimmy_scarface usou /editar banco em dimmy_scarface e setou -2094967287
dimmy_scarface usou /editar banco em dimmy_scarface e setou 2100000009
dimmy_scarface usou /editar banco em dimmy_scarface e setou 1000000000
dimmy_scarface usou /editar banco em dimmy_scarface e setou 1000000000
dimmy_scarface usou /editar banco em dimmy_scarface e setou 1900000000
dimmy_scarface usou /editar banco em dimmy_scarface e setou 1000000000
dimmy_scarface usou /editar banco em dimmy_scarface e setou 1003920470
dimmy_scarface usou /editar banco em dimmy_scarface e setou 10000000
dimmy_scarface usou /editar banco em dimmy_scarface e setou 1000500000
dimmy_scargggace usou /dargrana em dimmy_scargggace e deu 1000000

dimmy_scarface usou /dargrana em dimmy_scarface e deu 10

dimmy_scarface usou /setgrana em dimmy_scarface e setou 1









dimmy_scarface Transferido R$14 to dimmy_scarface

dimmy_scarface usou /setgrana em dimmy_scarface e setou 15874




















































dimmy_scarface usou /setgrana em dimmy_scarface e setou 55555554
dimmy_scarface Transferido R$100 to dimmy_scarface











































































































Salario manual dado com sucesso por: dimmy_scarface
Salario manual dado com sucesso por: dimmy_scarface
Salario manual dado com sucesso por: dimmy_scarface
Salario manual dado com sucesso por: dimmy_scarface
dimmy_scarface Transferido R$1 to dimmy_scarface
dimmy_scarface Transferido R$25 to dimmy_scarface
Salario manual dado com sucesso por: dimmy_scarface
Salario manual dado com sucesso por: dimmy_scarface
Salario manual dado com sucesso por: dimmy_scarface
Salario manual dado com sucesso por: dimmy_scarface
Salario manual dado com sucesso por: dimmy_scarface
Salario manual dado com sucesso por: dimmy_scarface
Salario manual dado com sucesso por: dimmy_scarface
Salario manual dado com sucesso por: dimmy_scarface
Salario manual dado com sucesso por: dimmy_scarface
Salario manual dado com sucesso por: dimmy_scarface
Salario manual dado com sucesso por: dimmy_scarface
Salario manual dado com sucesso por: dimmy_scarface
Salario manual dado com sucesso por: dimmy_scarface
Salario manual dado com sucesso por: dimmy_scarface
Salario manual dado com sucesso por: dimmy_scarface
Salario manual dado com sucesso por: dimmy_scarface
Salario manual dado com sucesso por: 
Salario manual dado com sucesso por: Ariel_Scarface
Salario manual dado com sucesso por: Ariel_Scarface
Salario manual dado com sucesso por: Ariel_Scarface
Salario manual dado com sucesso por: Ariel_Scarface
Salario manual dado com sucesso por: Ariel_Scarface
Salario manual dado com sucesso por: Ariel_Scarface
Salario manual dado com sucesso por: Ariel_Scarface
Salario manual dado com sucesso por: Ariel_Scarface
Salario manual dado com sucesso por: Ariel_Scarface
Salario manual dado com sucesso por: Ariel_Scarface
Salario manual dado com sucesso por: Ariel_Scarface
Salario manual dado com sucesso por: Ariel_Scarface
Salario manual dado com sucesso por: Ariel_Scarface
Salario manual dado com sucesso por: Ariel_Scarface
Salario manual dado com sucesso por: Ariel_Scarface
Salario manual dado com sucesso por: Ariel_Scarface
Salario manual dado com sucesso por: Ariel_Scarface
Salario manual dado com sucesso por: Ariel_Scarface
Salario manual dado com sucesso por: Ariel_Scarface
Salario manual dado com sucesso por: Ariel_Scarface
Salario manual dado com sucesso por: Ariel_Scarface
Salario manual dado com sucesso por: Ariel_Scarface
Salario manual dado com sucesso por: Ariel_Scarface
Salario manual dado com sucesso por: Ariel_Scarface
Salario manual dado com sucesso por: Ariel_Scarface
Salario manual dado com sucesso por: Ariel_Scarface
Salario manual dado com sucesso por: Ariel_Scarface
Salario manual dado com sucesso por: Ariel_Scarface
Salario manual dado com sucesso por: Ariel_Scarface
Salario manual dado com sucesso por: Ariel_Scarface
Salario manual dado com sucesso por: Ariel_Scarface
Salario manual dado com sucesso por: Ariel_Scarface
Salario manual dado com sucesso por: Ariel_Scarface
Salario manual dado com sucesso por: Ariel_Scarface
Salario manual dado com sucesso por: Ariel_Scarface
Salario manual dado com sucesso por: Ariel_Scarface
Salario manual dado com sucesso por: Ariel_Scarface
Salario manual dado com sucesso por: Ariel_Scarface
Salario manual dado com sucesso por: Ariel_Scarface
Salario manual dado com sucesso por: Ariel_Scarface
Salario manual dado com sucesso por: Ariel_Scarface
Salario manual dado com sucesso por: Ariel_Scarface
Salario manual dado com sucesso por: Ariel_Scarface
Salario manual dado com sucesso por: Ariel_Scarface
Salario manual dado com sucesso por: Ariel_Scarface
Salario manual dado com sucesso por: Ariel_Scarface
Salario manual dado com sucesso por: Ariel_Scarface
Salario manual dado com sucesso por: Ariel_Scarface
Salario manual dado com sucesso por: Ariel_Scarface
Salario manual dado com sucesso por: Ariel_Scarface
Salario manual dado com sucesso por: Ariel_Scarface
Salario manual dado com sucesso por: Ariel_Scarface
Salario manual dado com sucesso por: Ariel_Scarface
Salario manual dado com sucesso por: Ariel_Scarface
Salario manual dado com sucesso por: Ariel_Scarface
Salario manual dado com sucesso por: Ariel_Scarface
Salario manual dado com sucesso por: Ariel_Scarface
Salario manual dado com sucesso por: Ariel_Scarface
Salario manual dado com sucesso por: Ariel_Scarface
Salario manual dado com sucesso por: Ariel_Scarface
Salario manual dado com sucesso por: Ariel_Scarface
Salario manual dado com sucesso por: Ariel_Scarface
Salario manual dado com sucesso por: Ariel_Scarface
Salario manual dado com sucesso por: Ariel_Scarface
Salario manual dado com sucesso por: Ariel_Scarface
Salario manual dado com sucesso por: Ariel_Scarface
Salario manual dado com sucesso por: Ariel_Scarface
Salario manual dado com sucesso por: Ariel_Scarface
Salario manual dado com sucesso por: Ariel_Scarface
Salario manual dado com sucesso por: Ariel_Scarface
Salario manual dado com sucesso por: Ariel_Scarface
Salario manual dado com sucesso por: Ariel_Scarface
Salario manual dado com sucesso por: Ariel_Scarface
Salario manual dado com sucesso por: Ariel_Scarface
Salario manual dado com sucesso por: Ariel_Scarface
Salario manual dado com sucesso por: Ariel_Scarface
Salario manual dado com sucesso por: Ariel_Scarface
Salario manual dado com sucesso por: Ariel_Scarface
Salario manual dado com sucesso por: Ariel_Scarface
Salario manual dado com sucesso por: Ariel_Scarface
Salario manual dado com sucesso por: Ariel_Scarface
Salario manual dado com sucesso por: Ariel_Scarface
Salario manual dado com sucesso por: Ariel_Scarface
Salario manual dado com sucesso por: Ariel_Scarface
Salario manual dado com sucesso por: Ariel_Scarface
Salario manual dado com sucesso por: Ariel_Scarface
Salario manual dado com sucesso por: Ariel_Scarface
Salario manual dado com sucesso por: Ariel_Scarface
Salario manual dado com sucesso por: Ariel_Scarface
Salario manual dado com sucesso por: Ariel_Scarface
Salario manual dado com sucesso por: Ariel_Scarface
Salario manual dado com sucesso por: Ariel_Scarface
Salario manual dado com sucesso por: Ariel_Scarface
Salario manual dado com sucesso por: Ariel_Scarface
Salario manual dado com sucesso por: Ariel_Scarface
Salario manual dado com sucesso por: Ariel_Scarface
Salario manual dado com sucesso por: Ariel_Scarface
Salario manual dado com sucesso por: Ariel_Scarface
Salario manual dado com sucesso por: Ariel_Scarface
Salario manual dado com sucesso por: Ariel_Scarface
Salario manual dado com sucesso por: Ariel_Scarface
Salario manual dado com sucesso por: Ariel_Scarface
Salario manual dado com sucesso por: Ariel_Scarface
Salario manual dado com sucesso por: Ariel_Scarface
Salario manual dado com sucesso por: Ariel_Scarface
Salario manual dado com sucesso por: Ariel_Scarface
Salario manual dado com sucesso por: Ariel_Scarface
Salario manual dado com sucesso por: Ariel_Scarface
Salario manual dado com sucesso por: Ariel_Scarface
Salario manual dado com sucesso por: Ariel_Scarface
Salario manual dado com sucesso por: Ariel_Scarface
Salario manual dado com sucesso por: Ariel_Scarface
Salario manual dado com sucesso por: Ariel_Scarface
Salario manual dado com sucesso por: Ariel_Scarface
Salario manual dado com sucesso por: Ariel_Scarface
Salario manual dado com sucesso por: Ariel_Scarface
Salario manual dado com sucesso por: Ariel_Scarface
Salario manual dado com sucesso por: Ariel_Scarface
Salario manual dado com sucesso por: Ariel_Scarface
Salario manual dado com sucesso por: Ariel_Scarface
Salario manual dado com sucesso por: Ariel_Scarface
Salario manual dado com sucesso por: Ariel_Scarface
Salario manual dado com sucesso por: Ariel_Scarface
Salario manual dado com sucesso por: Ariel_Scarface
Salario manual dado com sucesso por: Ariel_Scarface
Salario manual dado com sucesso por: Ariel_Scarface
Salario manual dado com sucesso por: Ariel_Scarface
Salario manual dado com sucesso por: Ariel_Scarface
Salario manual dado com sucesso por: Ariel_Scarface
Salario manual dado com sucesso por: Ariel_Scarface
Salario manual dado com sucesso por: Ariel_Scarface
Salario manual dado com sucesso por: Ariel_Scarface
Salario manual dado com sucesso por: Ariel_Scarface
Salario manual dado com sucesso por: Ariel_Scarface
Salario manual dado com sucesso por: Ariel_Scarface
Salario manual dado com sucesso por: Ariel_Scarface
Salario manual dado com sucesso por: Ariel_Scarface
Salario manual dado com sucesso por: Ariel_Scarface
Salario manual dado com sucesso por: Ariel_Scarface
Salario manual dado com sucesso por: Ariel_Scarface
Salario manual dado com sucesso por: Ariel_Scarface
Salario manual dado com sucesso por: dimmy_scarface
dimmy_scarface pagou R$1000 para entrar na empresa 3
dimmy_scarface pagou R$1000 para entrar na empresa 3
dimmy_scarface pagou R$1000 para entrar na empresa 3
dimmy_scarface pagou R$10 para entrar na empresa 5
dimmy_scarface pagou R$10 para entrar na empresa 5
dimmy_scarface pagou R$10 para entrar na empresa 5
dimmy_scarface pagou R$10 para entrar na empresa 8
dimmy_scarface pagou R$10 para entrar na empresa 9
dimmy_scarface pagou R$10 para entrar na empresa 10
dimmy_scarface pagou R$10 para entrar na empresa 11
dimmy_scarface pagou R$10 para entrar na empresa 10
dimmy_scarface pagou R$10 para entrar na empresa 10
dimmy_scarface pagou R$10 para entrar na empresa 10
dimmy_scarface pagou R$10 para entrar na empresa 10
dimmy_scarface pagou R$10 para entrar na empresa 10
dimmy_scarface pagou R$10 para entrar na empresa 8
dimmy_scarface pagou R$10 para entrar na empresa 9
dimmy_scarface pagou R$10 para entrar na empresa 11
dimmy_scarface pagou R$10 para entrar na empresa 8
dimmy_scarface pagou R$10 para entrar na empresa 9
dimmy_scarface pagou R$10 para entrar na empresa 11
dimmy_scarface pagou R$10 para entrar na empresa 10
dimmy_scarface pagou R$14587 para entrar na empresa 10
dimmy_scarface pagou R$14587 para entrar na empresa 10
dimmy_scarface pagou R$14587 para entrar na empresa 10
dimmy_scarface pagou R$14587 para entrar na empresa 10
dimmy_scarface pagou R$5000 para entrar na empresa 1
dimmy_scarface pagou R$5000 para entrar na empresa 1
dimmy_scarface pagou R$5000 para entrar na empresa 1
dimmy_scarface pagou R$5000 para entrar na empresa 1
dimmy_scarface pagou R$5000 para entrar na empresa 1
dimmy_scarface pagou R$10 para entrar na empresa 9
dimmy_scarface pagou R$10 para entrar na empresa 8
dimmy_scarface pagou R$10 para entrar na empresa 11
dimmy_scarface pagou R$10 para entrar na empresa 11
dimmy_scarface pagou R$10 para entrar na empresa 11
dimmy_scarface pagou R$14587 para entrar na empresa 10
dimmy_scarface pagou R$14587 para entrar na empresa 10
dimmy_scarface pagou R$14587 para entrar na empresa 10
dimmy_scarface pagou R$14587 para entrar na empresa 10
dimmy_scarface pagou R$10 para entrar na empresa 5
dimmy_scarface pagou R$5000 para entrar na empresa 9
dimmy_scarface pagou R$10 para entrar na empresa 11
dimmy_scarface pagou R$10000 para entrar na empresa 0
dimmy_scarface pagou R$10000 para entrar na empresa 0
dimmy_scarface pagou R$10000 para entrar na empresa 0
dimmy_scarface pagou R$10000 para entrar na empresa 0
dimmy_scarface pagou R$10000 para entrar na empresa 0
dimmy_scarface pagou R$10000 para entrar na empresa 0
dimmy_scarface pagou R$10000 para entrar na empresa 0
dimmy_scarface pagou R$10000 para entrar na empresa 0
dimmy_scarface pagou R$10000 para entrar na empresa 0
dimmy_scarface pagou R$10000 para entrar na empresa 0
dimmy_scarface pagou R$10000 para entrar na empresa 0
dimmy_scarface pagou R$10000 para entrar na empresa 0
dimmy_scarface pagou R$10000 para entrar na empresa 0
dimmy_scarface pagou R$10000 para entrar na empresa 0
dimmy_scarface pagou R$10000 para entrar na empresa 0
dimmy_scarface pagou R$10000 para entrar na empresa 0
dimmy_scarface pagou R$10000 para entrar na empresa 0
dimmy_scarface pagou R$10000 para entrar na empresa 0
dimmy_scarface pagou R$10000 para entrar na empresa 0
dimmy_scarface pagou R$10000 para entrar na empresa 0
dimmy_scarface pagou R$10000 para entrar na empresa 0
dimmy_scarface pagou R$10000 para entrar na empresa 0
dimmy_scarface pagou R$10000 para entrar na empresa 0
dimmy_scarface pagou R$10000 para entrar na empresa 0
dimmy_scarface pagou R$10000 para entrar na empresa 0
dimmy_scarface pagou R$10000 para entrar na empresa 0
dimmy_scarface pagou R$10000 para entrar na empresa 0
dimmy_scarface pagou R$10000 para entrar na empresa 0
dimmy_scarface pagou R$10000 para entrar na empresa 0
dimmy_scarface pagou R$10000 para entrar na empresa 0
dimmy_scarface pagou R$10000 para entrar na empresa 0
dimmy_scarface pagou R$10000 para entrar na empresa 0
dimmy_scarface pagou R$10000 para entrar na empresa 0
dimmy_scarface pagou R$10000 para entrar na empresa 0
dimmy_scarface pagou R$10000 para entrar na empresa 0
dimmy_scarface pagou R$10000 para entrar na empresa 0
dimmy_scarface pagou R$10000 para entrar na empresa 0
dimmy_scarface pagou R$10000 para entrar na empresa 0
dimmy_scarface pagou R$10000 para entrar na empresa 0
dimmy_scarface pagou R$10000 para entrar na empresa 0
dimmy_scarface pagou R$10000 para entrar na empresa 0
dimmy_scarface pagou R$10000 para entrar na empresa 0
dimmy_scarface pagou R$10000 para entrar na empresa 0
dimmy_scarface pagou R$10000 para entrar na empresa 0
dimmy_scarface pagou R$10000 para entrar na empresa 0
dimmy_scarface pagou R$10000 para entrar na empresa 0
dimmy_scarface pagou R$10000 para entrar na empresa 0
dimmy_scarface pagou R$10000 para entrar na empresa 0
dimmy_scarface pagou R$10000 para entrar na empresa 0
dimmy_scarface pagou R$10000 para entrar na empresa 0
dimmy_scarface pagou R$10000 para entrar na empresa 0
dimmy_scarface pagou R$10000 para entrar na empresa 0
dimmy_scarface pagou R$10000 para entrar na empresa 0
dimmy_scarface pagou R$10000 para entrar na empresa 0
dimmy_scarface pagou R$10000 para entrar na empresa 0
dimmy_scarface pagou R$10000 para entrar na empresa 0
dimmy_scarface pagou R$10000 para entrar na empresa 0
dimmy_scarface pagou R$10000 para entrar na empresa 0
dimmy_scarface pagou R$10000 para entrar na empresa 0
dimmy_scarface pagou R$10000 para entrar na empresa 0
dimmy_scarface pagou R$10000 para entrar na empresa 0
dimmy_scarface pagou R$10000 para entrar na empresa 0
dimmy_scarface pagou R$10000 para entrar na empresa 0
dimmy_scarface pagou R$10000 para entrar na empresa 0
dimmy_scarface pagou R$10000 para entrar na empresa 0
dimmy_scarface pagou R$10000 para entrar na empresa 0
dimmy_scarface pagou R$10000 para entrar na empresa 0
dimmy_scarface pagou R$10000 para entrar na empresa 0
dimmy_scarface pagou R$10000 para entrar na empresa 0
dimmy_scarface pagou R$10000 para entrar na empresa 0
dimmy_scarface pagou R$10000 para entrar na empresa 0
dimmy_scarface pagou R$10000 para entrar na empresa 0
dimmy_scarface pagou R$10000 para entrar na empresa 0
dimmy_scarface pagou R$10000 para entrar na empresa 0
dimmy_scarface pagou R$10000 para entrar na empresa 0
dimmy_scarface pagou R$10000 para entrar na empresa 0
dimmy_scarface pagou R$10000 para entrar na empresa 0
dimmy_scarface pagou R$10000 para entrar na empresa 0
dimmy_scarface pagou R$10000 para entrar na empresa 0
dimmy_scarface pagou R$10000 para entrar na empresa 0
dimmy_scarface pagou R$10000 para entrar na empresa 0
dimmy_scarface pagou R$10000 para entrar na empresa 0
dimmy_scarface pagou R$10000 para entrar na empresa 0
dimmy_scarface pagou R$10000 para entrar na empresa 0
dimmy_scarface pagou R$10000 para entrar na empresa 0
dimmy_scarface pagou R$10000 para entrar na empresa 0
dimmy_scarface pagou R$10000 para entrar na empresa 0
dimmy_scarface pagou R$10000 para entrar na empresa 0
dimmy_scarface pagou R$10000 para entrar na empresa 0
dimmy_scarface pagou R$10000 para entrar na empresa 0
dimmy_scarface pagou R$10000 para entrar na empresa 0
dimmy_scarface pagou R$10000 para entrar na empresa 0
dimmy_scarface pagou R$10000 para entrar na empresa 0
dimmy_scarface pagou R$10000 para entrar na empresa 0
dimmy_scarface pagou R$10000 para entrar na empresa 0
dimmy_scarface pagou R$10000 para entrar na empresa 0
dimmy_scarface pagou R$10000 para entrar na empresa 0
dimmy_scarface pagou R$10000 para entrar na empresa 0
dimmy_scarface pagou R$10000 para entrar na empresa 0
dimmy_scarface pagou R$10000 para entrar na empresa 0
dimmy_scarface pagou R$10000 para entrar na empresa 0
dimmy_scarface pagou R$10000 para entrar na empresa 0
dimmy_scarface pagou R$10000 para entrar na empresa 0
dimmy_scarface pagou R$10000 para entrar na empresa 0
dimmy_scarface pagou R$10000 para entrar na empresa 0
dimmy_scarface pagou R$10000 para entrar na empresa 0
Salario manual dado com sucesso por: dimmy_scarface
Salario manual dado com sucesso por: dimmy_scarface
Salario manual dado com sucesso por: dimmy_scarface
Salario manual dado com sucesso por: dimmy_scarface
Salario manual dado com sucesso por: dimmy_scarface
Salario manual dado com sucesso por: dimmy_scarface
Salario manual dado com sucesso por: dimmy_scarface
Salario manual dado com sucesso por: dimmy_scarface
Salario manual dado com sucesso por: dimmy_scarface
Salario manual dado com sucesso por: dimmy_scarface
Salario manual dado com sucesso por: dimmy_scarface
Salario manual dado com sucesso por: dimmy_scarface
Salario manual dado com sucesso por: dimmy_scarface
Salario manual dado com sucesso por: dimmy_scarface
Salario manual dado com sucesso por: dimmy_scarface
Salario manual dado com sucesso por: dimmy_scarface
Salario manual dado com sucesso por: dimmy_scarface
Salario manual dado com sucesso por: dimmy_scarface
dimmy_scarface pagou R$14587 para entrar na empresa 10
dimmy_scarface900 pagou R$1000 para entrar na empresa 3
dimmy_scarface900 pagou R$14587 para entrar na empresa 10
dimmy_scarface900 pagou R$10 para entrar na empresa 5
dimmy_scarface900 pagou R$10 para entrar na empresa 5
dimmy_scarface900 pagou R$10 para entrar na empresa 5
dimmy_scarface900 pagou R$10 para entrar na empresa 5
dimmy_scarface900 pagou R$10 para entrar na empresa 5
dimmy_scarface900 pagou R$10 para entrar na empresa 5
dimmy_scarface900 pagou R$10 para entrar na empresa 5
dimmy_scarface900 pagou R$10 para entrar na empresa 5
dimmy_scarface pagou R$10 para entrar na empresa 5
Salario manual dado com sucesso por: dimmy_scarface
Salario manual dado com sucesso por: dimmy_scarface
Salario manual dado com sucesso por: dimmy_scarface
Salario manual dado com sucesso por: dimmy_scarface
dimmy_scarface pagou R$14587 para entrar na empresa 10
dimmy_scarface pagou R$14587 para entrar na empresa 10
dimmy_scarface pagou R$14587 para entrar na empresa 10
Salario manual dado com sucesso por: dimmy_scarface
Salario manual dado com sucesso por: dimmy_scarface
Salario manual dado com sucesso por: dimmy_scarface
Salario manual dado com sucesso por: dimmy_scarface
Salario manual dado com sucesso por: dimmy_scarface
Salario manual dado com sucesso por: dimmy_scarface
dimmy_scarface pagou R$10000 para entrar na empresa 0
dimmy_scarface pagou R$10 para entrar na empresa 7
dimmy_scarface pagou R$10 para entrar na empresa 7
dimmy_scarface pagou R$10 para entrar na empresa 5
Salario manual dado com sucesso por: dimmy_scarface
dimmy_scarface pagou R$5000 para entrar na empresa 9
dimmy_scarface pagou R$10 para entrar na empresa 5
Salario manual dado com sucesso por: dimmy_scarface
dimmy_scarface pagou R$10 para entrar na empresa 5
dimmy_scarface pagou R$10000 para entrar na empresa 0
dimmy_scarface pagou R$10 para entrar na empresa 7
dimmy_scarface pagou R$10 para entrar na empresa 5
dimmy_scarface pagou R$10 para entrar na empresa 5
Salario manual dado com sucesso por: dimmy_scarface
dimmy_scarface pagou R$10 para entrar na empresa 7
Salario manual dado com sucesso por: dimmy_scarface
dimmy_scarface pagou R$5000 para entrar na empresa 9
dimmy_scarface pagou R$5000 para entrar na empresa 9
dimmy_scarface pagou R$1000 para entrar na empresa 3
dimmy_scarface pagou R$1000 para entrar na empresa 3
dimmy_scarface pagou R$1000 para entrar na empresa 3
dimmy_scarface pagou R$1000 para entrar na empresa 3
dimmy_scarface pagou R$10000 para entrar na empresa 2
dimmy_scarface pagou R$10 para entrar na empresa 7
dimmy_scarface pagou R$10 para entrar na empresa 7
dimmy_scarface pagou R$10 para entrar na empresa 7
dimmy_scarface pagou R$10 para entrar na empresa 7
dimmy_scarface pagou R$10 para entrar na empresa 7
dimmy_scarface pagou R$10 para entrar na empresa 7
dimmy_scarface pagou R$14587 para entrar na empresa 10
Salario manual dado com sucesso por: dimmy_scarface
Salario manual dado com sucesso por: dimmy_scarface
Salario manual dado com sucesso por: dimmy_scarface
Salario manual dado com sucesso por: dimmy_scarface
Salario manual dado com sucesso por: dimmy_scarface
Salario manual dado com sucesso por: dimmy_scarface
Salario manual dado com sucesso por: dimmy_scarface
Salario manual dado com sucesso por: dimmy_scarface
Salario manual dado com sucesso por: dimmy_scarface
Salario manual dado com sucesso por: dimmy_scarface
Salario manual dado com sucesso por: dimmy_scarface
Salario manual dado com sucesso por: dimmy_scarface
Salario manual dado com sucesso por: dimmy_scarface
Salario manual dado com sucesso por: dimmy_scarface
Salario manual dado com sucesso por: dimmy_scarface
Salario manual dado com sucesso por: dimmy_scarface
Salario manual dado com sucesso por: dimmy_scarface
Salario manual dado com sucesso por: dimmy_scarface
Salario manual dado com sucesso por: dimmy_scarface
Salario manual dado com sucesso por: dimmy_scarface
Salario manual dado com sucesso por: dimmy_scarface
Salario manual dado com sucesso por: dimmy_scarface
Salario manual dado com sucesso por: dimmy_scarface
Salario manual dado com sucesso por: dimmy_scarface
Salario manual dado com sucesso por: dimmy_scarface
Salario manual dado com sucesso por: dimmy_scarface
Salario manual dado com sucesso por: dimmy_scarface
Salario manual dado com sucesso por: dimmy_scarface
Salario manual dado com sucesso por: dimmy_scarface
Salario manual dado com sucesso por: dimmy_scarface
Salario manual dado com sucesso por: dimmy_scarface
Salario manual dado com sucesso por: dimmy_scarface
Salario manual dado com sucesso por: dimmy_scarface
Salario manual dado com sucesso por: dimmy_scarface
Salario manual dado com sucesso por: dimmy_scarface
Salario manual dado com sucesso por: dimmy_scarface
Salario manual dado com sucesso por: dimmy_scarface
dimmy_scarface pagou R$10 para entrar na empresa 7
dimmy_scarface pagou R$10 para entrar na empresa 7
dimmy_scarface pagou R$10 para entrar na empresa 7
dimmy_scarface pagou R$10 para entrar na empresa 7
dimmy_scarface pagou R$10 para entrar na empresa 7
dimmy_scarface pagou R$10 para entrar na empresa 7
dimmy_scarface pagou R$10 para entrar na empresa 7
dimmy_scarface pagou R$10 para entrar na empresa 7
dimmy_scarface pagou R$10 para entrar na empresa 7
dimmy_scarface pagou R$10 para entrar na empresa 7
dimmy_scarface pagou R$10000 para entrar na empresa 0
Salario manual dado com sucesso por: dimmy_scarface
Salario manual dado com sucesso por: dimmy_scarface
Salario manual dado com sucesso por: dimmy_scarface
Salario manual dado com sucesso por: dimmy_scarface
Salario manual dado com sucesso por: dimmy_scarface
Salario manual dado com sucesso por: dimmy_scarface
Salario manual dado com sucesso por: dimmy_scarface
Salario manual dado com sucesso por: dimmy_scarface
dimmy_scarface pagou R$10 para entrar na empresa 7
dimmy_scarface pagou R$10 para entrar na empresa 7
Salario manual dado com sucesso por: jadson_scarface
Salario manual dado com sucesso por: dimmy_scarface
Salario manual dado com sucesso por: dimmy_scarface
dimmy_scarface pagou R$10 para entrar na empresa 7
dimmy_scarface pagou R$10 para entrar na empresa 7
Salario manual dado com sucesso por: dimmy_scarface
dimmy_scarface pagou R$10 para entrar na empresa 7
Salario manual dado com sucesso por: dimmy_scarface
dimmy_scarface pagou R$1000 para entrar na empresa 3
dimmy_scarface pagou R$10000 para entrar na empresa 0
dimmy_scarface pagou R$10000 para entrar na empresa 0
dimmy_scarface pagou R$10000 para entrar na empresa 0
dimmy_scarface pagou R$10000 para entrar na empresa 0
dimmy_scarface pagou R$10000 para entrar na empresa 0
dimmy_scarface pagou R$10000 para entrar na empresa 0
dimmy_scarface pagou R$10000 para entrar na empresa 0
dimmy_scarface pagou R$10000 para entrar na empresa 0
dimmy_scarface pagou R$10000 para entrar na empresa 0
dimmy_scarface pagou R$10000 para entrar na empresa 0
dimmy_scarface pagou R$10000 para entrar na empresa 0
dimmy_scarface pagou R$10000 para entrar na empresa 0
dimmy_scarface pagou R$10000 para entrar na empresa 0
dimmy_scarface pagou R$10000 para entrar na empresa 0
dimmy_scarface pagou R$10000 para entrar na empresa 0
dimmy_scarface pagou R$10000 para entrar na empresa 0
dimmy_scarface pagou R$10000 para entrar na empresa 0
dimmy_scarface pagou R$10000 para entrar na empresa 0
dimmy_scarface pagou R$10000 para entrar na empresa 0
dimmy_scarface pagou R$10000 para entrar na empresa 0
dimmy_scarface pagou R$10000 para entrar na empresa 0
dimmy_scarface pagou R$10000 para entrar na empresa 0
dimmy_scarface pagou R$10000 para entrar na empresa 0
dimmy_scarface pagou R$10000 para entrar na empresa 0
dimmy_scarface pagou R$10000 para entrar na empresa 0
dimmy_scarface pagou R$10000 para entrar na empresa 0
dimmy_scarface pagou R$10000 para entrar na empresa 0
dimmy_scarface pagou R$10000 para entrar na empresa 0
dimmy_scarface pagou R$10000 para entrar na empresa 0
dimmy_scarface pagou R$10000 para entrar na empresa 0
dimmy_scarface pagou R$10000 para entrar na empresa 0
dimmy_scarface pagou R$10000 para entrar na empresa 0
dimmy_scarface pagou R$10000 para entrar na empresa 0
dimmy_scarface pagou R$10000 para entrar na empresa 0
dimmy_scarface pagou R$10000 para entrar na empresa 0
dimmy_scarface pagou R$10000 para entrar na empresa 0
dimmy_scarface pagou R$10000 para entrar na empresa 0
dimmy_scarface pagou R$10000 para entrar na empresa 0
dimmy_scarface pagou R$10000 para entrar na empresa 0
dimmy_scarface pagou R$10000 para entrar na empresa 0
dimmy_scarface pagou R$10000 para entrar na empresa 0
dimmy_scarface pagou R$10000 para entrar na empresa 0
dimmy_scarface pagou R$10000 para entrar na empresa 0
dimmy_scarface pagou R$10000 para entrar na empresa 0
dimmy_scarface pagou R$10000 para entrar na empresa 0
dimmy_scarface pagou R$10000 para entrar na empresa 0
dimmy_scarface pagou R$10000 para entrar na empresa 0
dimmy_scarface pagou R$10000 para entrar na empresa 0
dimmy_scarface pagou R$10000 para entrar na empresa 0
dimmy_scarface pagou R$10000 para entrar na empresa 0
dimmy_scarface pagou R$10000 para entrar na empresa 0
dimmy_scarface pagou R$10000 para entrar na empresa 0
dimmy_scarface pagou R$10000 para entrar na empresa 0
dimmy_scarface pagou R$10000 para entrar na empresa 0
dimmy_scarface pagou R$10000 para entrar na empresa 0
dimmy_scarface pagou R$10000 para entrar na empresa 0
dimmy_scarface pagou R$10000 para entrar na empresa 0
dimmy_scarface pagou R$10000 para entrar na empresa 0
dimmy_scarface pagou R$10000 para entrar na empresa 0
dimmy_scarface pagou R$10000 para entrar na empresa 0
dimmy_scarface pagou R$10000 para entrar na empresa 0
dimmy_scarface pagou R$10000 para entrar na empresa 0
dimmy_scarface pagou R$10000 para entrar na empresa 0
dimmy_scarface pagou R$10000 para entrar na empresa 0
dimmy_scarface pagou R$10000 para entrar na empresa 0
dimmy_scarface pagou R$10000 para entrar na empresa 0
dimmy_scarface pagou R$10000 para entrar na empresa 0
dimmy_scarface pagou R$10000 para entrar na empresa 0
dimmy_scarface pagou R$10000 para entrar na empresa 0
dimmy_scarface pagou R$10000 para entrar na empresa 0
dimmy_scarface pagou R$10000 para entrar na empresa 0
dimmy_scarface pagou R$10000 para entrar na empresa 0
dimmy_scarface pagou R$10000 para entrar na empresa 0
dimmy_scarface pagou R$10000 para entrar na empresa 0
dimmy_scarface pagou R$10000 para entrar na empresa 0
dimmy_scarface pagou R$10000 para entrar na empresa 0
dimmy_scarface pagou R$10000 para entrar na empresa 0
dimmy_scarface pagou R$10000 para entrar na empresa 0
dimmy_scarface pagou R$10000 para entrar na empresa 0
dimmy_scarface pagou R$10000 para entrar na empresa 0
dimmy_scarface pagou R$10000 para entrar na empresa 0
dimmy_scarface pagou R$10000 para entrar na empresa 0
dimmy_scarface pagou R$10000 para entrar na empresa 0
dimmy_scarface pagou R$10000 para entrar na empresa 0
dimmy_scarface pagou R$10000 para entrar na empresa 0
dimmy_scarface pagou R$10000 para entrar na empresa 0
dimmy_scarface pagou R$10000 para entrar na empresa 0
dimmy_scarface pagou R$10000 para entrar na empresa 0
dimmy_scarface pagou R$10000 para entrar na empresa 0
dimmy_scarface pagou R$10000 para entrar na empresa 0
dimmy_scarface pagou R$10000 para entrar na empresa 0
dimmy_scarface pagou R$10000 para entrar na empresa 0
dimmy_scarface pagou R$10000 para entrar na empresa 0
dimmy_scarface pagou R$10000 para entrar na empresa 0
dimmy_scarface pagou R$10000 para entrar na empresa 0
dimmy_scarface pagou R$10000 para entrar na empresa 0
dimmy_scarface pagou R$10000 para entrar na empresa 0
dimmy_scarface Transferido R$22 to dimmy_scarface
dimmy_scarface pagou R$10 para entrar na empresa 7
dimmy_scarface pagou R$10 para entrar na empresa 7
Salario manual dado com sucesso por: Liince_Rosse
Salario manual dado com sucesso por: Liince_Rosse
Salario manual dado com sucesso por: Liince_Rosse
Salario manual dado com sucesso por: Liince_Rosse
Salario manual dado com sucesso por: Liince_Rosse
Salario manual dado com sucesso por: Liince_Rosse
Salario manual dado com sucesso por: Liince_Rosse
Salario manual dado com sucesso por: Liince_Rosse
Salario manual dado com sucesso por: Liince_Rosse
Salario manual dado com sucesso por: Liince_Rosse
Salario manual dado com sucesso por: Liince_Rosse
Salario manual dado com sucesso por: Liince_Rosse
Salario manual dado com sucesso por: Liince_Rosse
Salario manual dado com sucesso por: Liince_Rosse
Salario manual dado com sucesso por: Liince_Rosse
Salario manual dado com sucesso por: Liince_Rosse
Salario manual dado com sucesso por: dimmy_scarface.
