dimmy_scarface limpou vip vaga 1 de Ninguem (15/4/2012 - 17:50)
dimmy_scarface deu vip ao dimmy_scarface nível 0 (15/4/2012 - 17:52)
dimmy_scarface deu vip ao dimmy_scarface nível 1 (15/4/2012 - 18:0)
dimmy_scarface deu vip ao dimmy_scarface nível 1 (15/4/2012 - 18:3)
dimmy_scarface limpou vip vaga 1 de Ninguem (15/4/2012 - 18:6)
dimmy_scarface deu vip ao dimmy_scarface nível 100 (15/4/2012 - 18:52)
dimmy_scarface deu vip ao dimmy_scarface nível 2 (15/4/2012 - 21:52)
dimmy_scarface deu vip ao dimmy_scarface nível 1 (16/4/2012 - 10:53)
dimmy_scarface deu vip ao dimmy_scarface nível 1 (16/4/2012 - 10:57)
dimmy_scarface limpou vip vaga 1 de Ninguem (16/4/2012 - 10:58)
dimmy_scarface limpou vip vaga 1 de Ninguem (16/4/2012 - 10:58)
dimmy_scarface limpou vip vaga 1 de Ninguem (16/4/2012 - 10:58)
dimmy_scarface limpou vip vaga 1 de Ninguem (16/4/2012 - 10:58)
dimmy_scarface limpou vip vaga 1 de Ninguem (16/4/2012 - 10:58)
dimmy_scarface limpou vip vaga 1 de Ninguem (16/4/2012 - 10:58)
dimmy_scarface limpou vip vaga 1 de Ninguem (16/4/2012 - 10:58)
dimmy_scarface limpou vip vaga 1 de Ninguem (16/4/2012 - 10:58)
dimmy_scarface limpou vip vaga 50 de dimmy_scarface (16/4/2012 - 10:59)
dimmy_scarface limpou vip vaga 49 de dimmy_scarface (16/4/2012 - 10:59)
dimmy_scarface limpou vip vaga 48 de dimmy_scarface (16/4/2012 - 10:59)
dimmy_scarface limpou vip vaga 47 de dimmy_scarface (16/4/2012 - 10:59)
dimmy_scarface limpou vip vaga 46 de dimmy_scarface (16/4/2012 - 10:59)
dimmy_scarface limpou vip vaga 45 de dimmy_scarface (16/4/2012 - 10:59)
dimmy_scarface limpou vip vaga 44 de dimmy_scarface (16/4/2012 - 10:59)
dimmy_scarface limpou vip vaga 43 de dimmy_scarface (16/4/2012 - 11:0)
dimmy_scarface limpou vip vaga 42 de dimmy_scarface (16/4/2012 - 11:0)
dimmy_scarface limpou vip vaga 41 de dimmy_scarface (16/4/2012 - 11:0)
dimmy_scarface limpou vip vaga 40 de dimmy_scarface (16/4/2012 - 11:0)
dimmy_scarface limpou vip vaga 39 de dimmy_scarface (16/4/2012 - 11:0)
dimmy_scarface limpou vip vaga 38 de dimmy_scarface (16/4/2012 - 11:0)
dimmy_scarface limpou vip vaga 37 de dimmy_scarface (16/4/2012 - 11:0)
dimmy_scarface limpou vip vaga 36 de dimmy_scarface (16/4/2012 - 11:0)
dimmy_scarface limpou vip vaga 35 de dimmy_scarface (16/4/2012 - 11:0)
dimmy_scarface limpou vip vaga 34 de dimmy_scarface (16/4/2012 - 11:0)
dimmy_scarface limpou vip vaga 33 de dimmy_scarface (16/4/2012 - 11:0)
dimmy_scarface limpou vip vaga 32 de dimmy_scarface (16/4/2012 - 11:0)
dimmy_scarface limpou vip vaga 31 de dimmy_scarface (16/4/2012 - 11:0)
dimmy_scarface limpou vip vaga 30 de dimmy_scarface (16/4/2012 - 11:0)
dimmy_scarface limpou vip vaga 29 de dimmy_scarface (16/4/2012 - 11:0)
dimmy_scarface limpou vip vaga 28 de dimmy_scarface (16/4/2012 - 11:0)
dimmy_scarface limpou vip vaga 27 de dimmy_scarface (16/4/2012 - 11:0)
dimmy_scarface limpou vip vaga 26 de dimmy_scarface (16/4/2012 - 11:0)
dimmy_scarface limpou vip vaga 25 de dimmy_scarface (16/4/2012 - 11:0)
dimmy_scarface limpou vip vaga 24 de dimmy_scarface (16/4/2012 - 11:0)
dimmy_scarface limpou vip vaga 23 de dimmy_scarface (16/4/2012 - 11:0)
dimmy_scarface limpou vip vaga 22 de dimmy_scarface (16/4/2012 - 11:0)
dimmy_scarface limpou vip vaga 21 de dimmy_scarface (16/4/2012 - 11:0)
dimmy_scarface limpou vip vaga 20 de dimmy_scarface (16/4/2012 - 11:0)
dimmy_scarface limpou vip vaga 20 de Ninguem (16/4/2012 - 11:0)
dimmy_scarface limpou vip vaga 20 de Ninguem (16/4/2012 - 11:0)
dimmy_scarface limpou vip vaga 19 de dimmy_scarface (16/4/2012 - 11:1)
dimmy_scarface limpou vip vaga 18 de dimmy_scarface (16/4/2012 - 11:1)
dimmy_scarface limpou vip vaga 17 de dimmy_scarface (16/4/2012 - 11:1)
dimmy_scarface limpou vip vaga 16 de dimmy_scarface (16/4/2012 - 11:1)
dimmy_scarface limpou vip vaga 15 de dimmy_scarface (16/4/2012 - 11:1)
dimmy_scarface limpou vip vaga 14 de dimmy_scarface (16/4/2012 - 11:1)
dimmy_scarface limpou vip vaga 13 de dimmy_scarface (16/4/2012 - 11:1)
dimmy_scarface limpou vip vaga 12 de dimmy_scarface (16/4/2012 - 11:1)
dimmy_scarface limpou vip vaga 11 de dimmy_scarface (16/4/2012 - 11:1)
dimmy_scarface limpou vip vaga 10 de dimmy_scarface (16/4/2012 - 11:1)
dimmy_scarface limpou vip vaga 9 de dimmy_scarface (16/4/2012 - 11:1)
dimmy_scarface limpou vip vaga 8 de dimmy_scarface (16/4/2012 - 11:1)
dimmy_scarface limpou vip vaga 7 de dimmy_scarface (16/4/2012 - 11:1)
dimmy_scarface limpou vip vaga 6 de dimmy_scarface (16/4/2012 - 11:1)
dimmy_scarface limpou vip vaga 5 de dimmy_scarface (16/4/2012 - 11:1)
dimmy_scarface limpou vip vaga 4 de Ninguem (16/4/2012 - 11:1)
dimmy_scarface limpou vip vaga 3 de Ninguem (16/4/2012 - 11:1)
dimmy_scarface limpou vip vaga 2 de Ninguem (16/4/2012 - 11:1)
dimmy_scarface limpou vip vaga 1 de Ninguem (16/4/2012 - 11:1)
dimmy_scarface limpou vip vaga 0 de dimmy_scarface (16/4/2012 - 11:1)
dimmy_scarface deu vip ao dimmy_scarface nível 1 (16/4/2012 - 14:37)
dimmy_scarface limpou vip vaga 0 de dimmy_scarface (16/4/2012 - 14:38)
dimmy_scarface deu vip ao dimmy_scarface nível 2 (16/4/2012 - 14:41)
dimmy_scarface limpou vip vaga 2 de Ninguem (16/4/2012 - 14:47)
dimmy_scarface deu vip ao dimmy_scarface nível 1 (16/4/2012 - 15:3)
dimmy_scarface deu vip ao dimmy_scarface nível 1 (16/4/2012 - 15:3)
dimmy_scarface deu vip ao dimmy_scarface nível 1 (16/4/2012 - 15:3)
dimmy_scarface limpou vip vaga 0 de dimmy_scarface (16/4/2012 - 15:4)
dimmy_scarface deu vip ao dimmy_scarface nível 2 (16/4/2012 - 15:4)
dimmy_scarface deu vip ao dimmy_scarface nível 3 (16/4/2012 - 15:4)
dimmy_scarface deu vip ao dimmy_scarface nível 3 (16/4/2012 - 15:4)
dimmy_scarface deu vip ao dimmy_scarface nível 2 (16/4/2012 - 15:4)
dimmy_scarface deu vip ao dimmy_scarface nível 1 (16/4/2012 - 15:16)
dimmy_scarface deu vip ao dimmy_scarface nível 1 (16/4/2012 - 15:16)
Wanderson_Damiao deu vip ao Wanderson_Damiao nível 500000 (16/4/2012 - 16:30)
dimmy_scarface deu vip ao dimmy_scarface nível 1 (16/4/2012 - 18:18)
dimmy_scarface deu vip ao Wanderson_Damiao nível 1 (16/4/2012 - 18:20)
dimmy_scarface deu vip ao dimmy_scarface nível 2 (16/4/2012 - 18:34)
dimmy_scarface deu vip ao Wanderson_Damiao nível 2 (16/4/2012 - 18:48)
Lucas_Neves deu vip ao Lucas_Neves nível 2 (16/4/2012 - 18:54)
dimmy_scarface deu vip ao dimmy_scarface nível 2 (16/4/2012 - 23:32)
dimmy_scarface deu vip ao dimmy_scarface nível 0 (17/4/2012 - 0:2)
dimmy_scarface deu vip ao dimmy_scarface nível 1 (17/4/2012 - 0:2)
dimmy_scarface deu vip ao dimmy_scarface nível 0 (17/4/2012 - 15:0)
dimmy_scarface deu vip ao dimmy_scarface nível 2 (17/4/2012 - 15:0)
dimmy_scarface limpou vip vaga 0 de dimmy_scarface (17/4/2012 - 15:4)
dimmy_scarface deu vip ao dimmy_scarface nível 1 (19/4/2012 - 14:2)
dimmy_scarface deu vip ao dimmy_scarface nível 2 (19/4/2012 - 14:3)
dimmy_scarface deu vip ao dimmy_scarface nível 1 (19/4/2012 - 14:7)
dimmy_scarface deu vip ao dimmy_scarface nível 2 (19/4/2012 - 14:11)
dimmy_scarface deu vip ao dimmy_scarface nível 1 (19/4/2012 - 14:14)
dimmy_scarface deu vip ao dimmy_scarface nível 0 (19/4/2012 - 14:14)
dimmy_scarface deu vip ao dimmy_scarface nível 3 (19/4/2012 - 14:16)
dimmy_scarface deu vip ao dimmy_scarface nível 2 (19/4/2012 - 14:16)
dimmy_scarface deu vip ao dimmy_scarface nível 0 (19/4/2012 - 19:31)
dimmy_scarface deu vip ao dimmy_scarface nível 1 (19/4/2012 - 19:31)
dimmy_scarface deu vip ao dimmy_scarface nível 2 (19/4/2012 - 19:33)
Lucas_Neves deu vip ao Lucas_Neves nível 1 (19/4/2012 - 23:5)
Lucas_Neves deu vip ao Lucas_Neves nível 2 (19/4/2012 - 23:5)
Lucas_Neves deu vip ao Lucas_Neves nível 1 (19/4/2012 - 23:34)
Lucas_Neves deu vip ao Lucas_Neves nível 0 (19/4/2012 - 23:34)
Lucas_Neves deu vip ao Lucas_Neves nível 2 (19/4/2012 - 23:35)
Lucas_Neves deu vip ao Lucas_Neves nível 1 (19/4/2012 - 23:35)
Lucas_Neves deu vip ao Lucas_Neves nível 0 (19/4/2012 - 23:35)
Lucas_Neves deu vip ao Lucas_Neves nível 2 (19/4/2012 - 23:36)
dimmy_scarface deu vip ao dimmy_scarface nível 0 (20/4/2012 - 0:2)
dimmy_scarface deu vip ao dimmy_scarface nível 1 (20/4/2012 - 0:6)
dimmy_scarface deu vip ao dimmy_scarfacee nível 0 (20/4/2012 - 0:19)
dimmy_scarface deu vip ao dimmy_scarface nível 0 (20/4/2012 - 0:19)
dimmy_scarface deu vip ao dimmy_scarface nível 1 (20/4/2012 - 0:19)
dimmy_scarface deu vip ao dimmy_scarface nível 0 (20/4/2012 - 0:21)
dimmy_scarface deu vip ao dimmy_scarface nível 0 (20/4/2012 - 0:21)
dimmy_scarface deu vip ao dimmy_scarface nível 2 (20/4/2012 - 0:28)
dimmy_scarface deu vip ao dimmy_scarface nível 0 (20/4/2012 - 0:28)
dimmy_scarface deu vip ao dimmy_scarface nível 1 (20/4/2012 - 0:28)
dimmy_scarface deu vip ao dimmy_scarface nível 2 (22/4/2012 - 13:31)
lukas_skt deu vip ao lukas_skt nível 2 (22/4/2012 - 14:43)
slash_47 deu vip ao slash_47 nível 1 (22/4/2012 - 23:58)
slash_47 deu vip ao slash_47 nível 2 (22/4/2012 - 23:58)
slash_47 deu vip ao slash_47 nível 1 (23/4/2012 - 0:1)
slash_47 deu vip ao slash_47 nível 2 (23/4/2012 - 0:8)
slash_47 deu vip ao slash_47 nível 1 (23/4/2012 - 0:8)
Lucas_Neves deu vip ao Lucas_Neves nível 1 (23/4/2012 - 19:8)
Lucas_Neves deu vip ao Lucas_Neves nível 2 (23/4/2012 - 19:8)
Lucas_Neves deu vip ao Lucas_Neves nível 0 (23/4/2012 - 19:8)
dimmy_scarface retirou o VIP/S-VIP de dimmy_scarface (27/5/2012 - 0:48)
dimmy_scarface retirou o VIP/S-VIP de dimmy_scarface (27/5/2012 - 0:48)
dimmy_scarface deu vip ao dimmy_scarface nível 1 (27/5/2012 - 0:53)
dimmy_scarface deu vip ao dimmy_scarface nível 1 (27/5/2012 - 0:56)
dimmy_scarface deu vip ao dimmy_scarface nível 1 (27/5/2012 - 0:58)
dimmy_scarface retirou o VIP/S-VIP de dimmy_scarface (27/5/2012 - 1:0)
dimmy_scarface retirou o VIP/S-VIP de dimmy_scarface (27/5/2012 - 1:1)
dimmy_scarface retirou o VIP/S-VIP de dimmy_scarface (27/5/2012 - 1:1)
dimmy_scarface deu vip ao dimmy_scarface nível 1 (27/5/2012 - 1:3)
dimmy_scarface retirou o VIP/S-VIP de dimmy_scarface (27/5/2012 - 1:3)
dimmy_scarface deu vip ao dimmy_scarface nível 1 (27/5/2012 - 1:3)
dimmy_scarface deu vip ao dimmy_scarface nível 1 (27/5/2012 - 1:3)
dimmy_scarface deu vip ao dimmy_scarface nível 1 (27/5/2012 - 1:3)
dimmy_scarface deu vip ao dimmy_scarface nível 1 (27/5/2012 - 1:3)
dimmy_scarface retirou o VIP/S-VIP de dimmy_scarface (27/5/2012 - 1:5)
dimmy_scarface deu vip ao dimmy_scarface nível 2 (27/5/2012 - 1:5)
dimmy_scarface deu vip ao dimmy_scarface nível 2 (27/5/2012 - 1:6)
dimmy_scarface retirou o VIP/S-VIP de dimmy_scarface (27/5/2012 - 1:6)
dimmy_scarface deu vip ao dimmy_scarface nível 11 (27/5/2012 - 1:7)
dimmy_scarface deu vip ao dimmy_scarface nível 1 (29/5/2012 - 23:25)
dimmy_scarface deu vip ao dimmy_scarface nível 15 (31/5/2012 - 19:47)
dimmy_scarface deu vip ao dimmy_scarface nível 1 (31/5/2012 - 19:53)
dimmy_scarface deu vip ao dimmy_scarface nível 1 (31/5/2012 - 19:57)
dimmy_scarface deu vip ao dimmy_scarface nível 2 (31/5/2012 - 19:59)
dimmy_scarface retirou o VIP/S-VIP de dimmy_scarface (31/5/2012 - 20:16)
dimmy_scarface deu vip ao dimmy_scarface nível 1 (31/5/2012 - 20:17)
dimmy_scarface deu vip ao dimmy_scarface nível 1 (31/5/2012 - 20:17)
lukas_skt deu vip ao lukas_skt nível 1 (31/5/2012 - 22:54)
lukas_skt deu vip ao lukas_skt nível 1 (31/5/2012 - 22:56)
lukas_skt deu vip ao lukas_skt nível 1 (1/6/2012 - 0:20)
lukas_skt deu vip ao lukas_skt nível 1 (1/6/2012 - 1:5)
dimmy_scarfacehgd deu vip ao dimmy_scarfacehgd nível 1 (1/6/2012 - 19:30)
dimmy_scarfacehgd deu vip ao dimmy_scarfacehgd nível 5 (1/6/2012 - 19:31)
dimmy_scarface deu vip ao dimmy_scarface nível 1 (2/6/2012 - 22:13)
dimmy_scarface deu vip ao dimmy_scarface nível 5 (4/6/2012 - 20:57)
dimmy_scarface deu vip ao dimmy_scarface nível 5 (4/6/2012 - 20:58)
dimmy_scarface deu vip ao dimmy_scarface nível 2 (4/6/2012 - 21:0)
dimmy_scarface deu vip ao dimmy_scarface nível 2 (4/6/2012 - 21:2)
dimmy_scarface deu vip ao dimmy_scarface nível 2 (4/6/2012 - 21:6)
dimmy_scarface deu vip ao dimmy_scarface nível 9 (4/6/2012 - 21:6)
dimmy_scafffrface deu vip ao dimmy_scafffrface nível 1 (5/6/2012 - 1:13)
dimmy_scafffrface deu vip ao dimmy_scafffrface nível 1 (5/6/2012 - 1:14)
dimmy_scarface retirou o VIP/S-VIP de dimmy_scarface (2/6/2012 - 0:29)
dimmy_scarface deu vip ao dimmy_scarface nível 6 (2/6/2012 - 0:30)
dimmy_scarface deu vip ao dimmy_scarface nível 5 (2/6/2012 - 0:40)
dimmy_scarface deu vip ao dimmy_scarface nível 1 (13/6/2012 - 21:19)
dimmy_scarface deu vip ao dimmy_scarface nível 1 (13/6/2012 - 21:19)
dimmy_scarface retirou o VIP/S-VIP de dimmy_scarface (14/6/2012 - 1:40)
dimmy_scarface deu vip ao dimmy_scarface nível 1 (14/6/2012 - 1:45)
dimmy_scarface deu vip ao dimmy_scarface nível 0 (14/6/2012 - 1:47)
dimmy_scarface retirou o VIP/S-VIP de dimmy_scarface (14/6/2012 - 1:47)
dimmy_scarface deu vip ao dimmy_scarface nível 1 (17/6/2012 - 2:1)
dimmy_scarface deu vip ao dimmy_scarface nível 1 (17/6/2012 - 2:2)
dimmy_scarface deu vip ao dimmy_scarface nível 5 (18/6/2012 - 19:2)
dimmy_scarface retirou o VIP/S-VIP de dimmy_scarface (18/6/2012 - 19:2)
dimmy_scarface deu vip ao Slash_95 nível 5 (18/6/2012 - 19:3)
dimmy_scarface retirou o VIP/S-VIP de Slash_95 (18/6/2012 - 19:3)
dimmy_scarface deu vip ao Slash_95 nível 1 (18/6/2012 - 19:5)
dimmy_scarface deu vip ao dimmy_scarface nível 1 (18/6/2012 - 19:5)
dimmy_scarface retirou o VIP/S-VIP de Slash_95 (18/6/2012 - 19:5)
dimmy_scarface deu vip ao Slash_95 nível 1 (18/6/2012 - 19:7)
dimmy_scarface deu vip ao dimmy_scarface nível 1 (18/6/2012 - 19:7)
dimmy_scarface retirou o VIP/S-VIP de Slash_95 (18/6/2012 - 19:7)
dimmy_scarface deu vip ao Slash_95 nível 2 (18/6/2012 - 19:8)
dimmy_scarface retirou o VIP/S-VIP de Slash_95 (18/6/2012 - 19:9)
dimmy_scarface retirou o VIP/S-VIP de dimmy_scarface (18/6/2012 - 21:24)
dimmy_scarface deu vip ao dimmy_scarface nível 1 (18/6/2012 - 21:25)
dimmy_scarface retirou o VIP/S-VIP de dimmy_scarface (3/7/2012 - 13:55)
dimmy_scarface deu vip ao dimmy_scarface nível 1 (5/7/2012 - 21:11)
dimmy_scarface deu vip ao dimmy_scarface nível 3 (19/12/2012 - 21:17)
dimmy_scarface retirou o VIP/S-VIP de dimmy_scarface (9/8/2012 - 21:53)
dimmy_scarface deu vip ao dimmy_scarface nível 2 (9/8/2012 - 21:53)
dimmy_scarface deu vip ao dimmy_scarface nível 2 (24/11/2012 - 22:18)
dimmy_scarface deu vip ao dimmy_scarface nível 2 (24/1/2013 - 22:21)
dimmy_scarface deu vip ao dimmy_scarface nível 2 (9/8/2012 - 22:23)
dimmy_scarface deu vip ao dimmy_scarface nível 3 (13/10/2012 - 22:38)
dimmy_scarface deu vip ao dimmy_scarface nível 2 (9/8/2012 - 22:49)
dimmy_scarface deu vip ao dimmy_scarface nível 3 (9/8/2012 - 23:5)
dimmy_scarface deu vip ao dimmy_scarface nível 2 (10/11/2012 - 23:27)
dimmy_scarface retirou o VIP/S-VIP de dimmy_scarface (10/8/2012 - 0:6)
dimmy_scarface deu vip ao dimmy_scarface nível 1 (10/8/2012 - 0:6)
dimmy_scarface deu vip ao dimmy_scarface nível 1 (20/9/2012 - 0:11)
dimmy_scarface deu vip ao dimmy_scarface nível 1 (30/11/2012 - 0:18)
dimmy_scarface deu vip ao dimmy_scarface nível 1 (10/8/2012 - 0:21)
dimmy_scarface deu vip ao dimmy_scarface nível 2 (10/8/2012 - 10:24)
dimmy_scarface retirou o VIP/S-VIP de dimmy_scarface (10/8/2012 - 11:38)
dimmy_scarface deu vip ao dimmy_scarface nível 2 (10/8/2012 - 21:21)
dimmy_scarface retirou o VIP/S-VIP de dimmy_scarface (10/8/2012 - 21:32)
dimmy_scarface deu vip ao dimmy_scarface nível 1 (13/8/2012 - 15:27)
dimmy_scarface deu vip ao dimmy_scarface nível 1 (14/9/2012 - 17:24)
dimmy_scarface deu vip ao dimmy_scarface nível 1 (14/9/2012 - 17:25)
jadson_scarface deu vip ao jadson_scarface nível 10 (14/9/2012 - 21:40)
dimmy_scarface deu vip ao dimmy_scarface nível 1 (15/9/2012 - 10:55)
dimmy_scarface deu vip ao dimmy_scarface nível 1 (15/9/2012 - 11:10)
dimmy_scarface deu vip ao dimmy_scarface nível 1 (15/9/2012 - 12:35)
dimmy_scarface deu vip ao dimmy_scarface nível 1 (15/9/2012 - 12:43)
dimmy_scarface deu vip ao dimmy_scarface nível 1 (14/8/2012 - 15:46)
dimmy_scarface retirou o VIP/S-VIP de dimmy_scarface (25/8/2012 - 20:13)
dimmy_scarface deu vip ao dimmy_scarface nível 1 (25/8/2012 - 20:13)
dimmy_scarface retirou o VIP/S-VIP de dimmy_scarface (27/8/2012 - 14:20)
dimmy_scarface deu vip ao dimmy_scarface nível 1 (27/8/2012 - 15:28)
dimmy_scarface retirou o VIP/S-VIP de dimmy_scarface (27/8/2012 - 15:32)
dimmy_scarface deu vip ao dimmy_scarface nível 1 (28/8/2012 - 19:23)
dimmy_scarface deu vip ao dimmy_scarface nível 2 (29/8/2012 - 0:34)
dimmy_scarface retirou o VIP/S-VIP de dimmy_scarface (2/9/2012 - 16:36)
dimmy_scarface deu vip ao dimmy_scarface nível 1 (4/9/2012 - 14:4)
dimmy_scarface deu vip ao dimmy_scarface nível 1 (5/9/2012 - 14:19)
dimmy_scarface retirou o VIP/S-VIP de dimmy_scarface (6/9/2012 - 8:52)
dimmy_scarface deu vip ao dimmy_scarface nível 1 (6/9/2012 - 9:5)
dimmy_scarface retirou o VIP/S-VIP de dimmy_scarface (7/9/2012 - 13:20)
dimmy_scarface deu vip ao dimmy_scarface nível 1 (9/9/2012 - 20:2)
dimmy_scarface retirou o VIP/S-VIP de dimmy_scarface (10/9/2012 - 10:34)
dimmy_scarface deu vip ao dimmy_scarface nível 1 (10/9/2012 - 10:47)
dimmy_scarface retirou o VIP/S-VIP de dimmy_scarface (10/9/2012 - 13:5)
dimmy_scarface retirou o VIP/VIP-POWER de dimmy_scarface (12/9/2012 - 21:15)
dimmy_scarface deu vip ao dimmy_scarface nível 1 (24/9/2012 - 20:18)
dimmy_scarface deu vip ao dimmy_scarface nível 0 (24/9/2012 - 20:18)
dimmy_scarface deu vip ao dimmy_scarface nível 1 (24/9/2012 - 20:26)
dimmy_scarface retirou o VIP/VIP-POWER de dimmy_scarface (20/9/2012 - 20:31)
dimmy_scarface deu vip ao dimmy_scarface nível 1 (5/10/2012 - 18:11)
Sun_xD deu vip ao Sun_xD nível 1 (22/10/2012 - 19:33)
